Using pre-set license
Built from '2021.1/staging' branch; Version is '2021.1.7f1 (d91830b65d9b) revision 14227504'; Using compiler version '192528614'; Build Type 'Release'
OS: 'Windows 10 Pro; OS build 19041.329; Version 2004; 64bit' Language: 'ru' Physical Memory: 16328 MB
BatchMode: 1, IsHumanControllingUs: 0, StartBugReporterOnCrash: 0, Is64bit: 1, IsPro: 0

 COMMAND LINE ARGUMENTS:
C:\Program Files\Unity\Hub\Editor\2021.1.7f1\Editor\Unity.exe
-adb2
-batchMode
-noUpm
-name
AssetImportWorker0
-projectPath
C:/Users/TheArzy/GitFlowData
-logFile
Logs/AssetImportWorker0.log
-srvPort
10930
Successfully changed project path to: C:/Users/TheArzy/GitFlowData
C:/Users/TheArzy/GitFlowData
Using Asset Import Pipeline V2.
Refreshing native plugins compatible for Editor in 71.03 ms, found 1 plugins.
Preloading 0 native plugins for Editor in 0.00 ms.
Initialize engine version: 2021.1.7f1 (d91830b65d9b)
[Subsystems] Discovering subsystems at path C:/Program Files/Unity/Hub/Editor/2021.1.7f1/Editor/Data/Resources/UnitySubsystems
[Subsystems] Discovering subsystems at path C:/Users/TheArzy/GitFlowData/Assets
GfxDevice: creating device client; threaded=0; jobified=0
Direct3D:
    Version:  Direct3D 11.0 [level 11.0]
    Renderer: NVIDIA GeForce GTX 760 (ID=0x1187)
    Vendor:   NVIDIA
    VRAM:     2007 MB
    Driver:   27.21.14.6627
Initialize mono
Mono path[0] = 'C:/Program Files/Unity/Hub/Editor/2021.1.7f1/Editor/Data/Managed'
Mono path[1] = 'C:/Program Files/Unity/Hub/Editor/2021.1.7f1/Editor/Data/MonoBleedingEdge/lib/mono/unityjit'
Mono config path = 'C:/Program Files/Unity/Hub/Editor/2021.1.7f1/Editor/Data/MonoBleedingEdge/etc'
Using monoOptions --debugger-agent=transport=dt_socket,embedding=1,server=y,suspend=n,address=127.0.0.1:56056
Begin MonoManager ReloadAssembly
Registering precompiled unity dll's ...
Register platform support module: C:/Program Files/Unity/Hub/Editor/2021.1.7f1/Editor/Data/PlaybackEngines/WindowsStandaloneSupport/UnityEditor.WindowsStandalone.Extensions.dll
Registered in 0.001053 seconds.
Native extension for WindowsStandalone target not found
Refreshing native plugins compatible for Editor in 67.88 ms, found 1 plugins.
Preloading 0 native plugins for Editor in 0.00 ms.
Mono: successfully reloaded assembly
- Completed reload, in  1.143 seconds
Platform modules already initialized, skipping
Registering precompiled user dll's ...
Registered in 0.001579 seconds.
Begin MonoManager ReloadAssembly
Symbol file LoadedFromMemory doesn't match image C:\Users\TheArzy\GitFlowData\Library\PackageCache\com.unity.visualscripting@1.6.1\Editor\VisualScripting.Core\Dependencies\YamlDotNet\Unity.VisualScripting.YamlDotNet.dll
Symbol file LoadedFromMemory doesn't match image C:\Users\TheArzy\GitFlowData\Library\PackageCache\com.unity.visualscripting@1.6.1\Editor\VisualScripting.Core\Dependencies\DotNetZip\Unity.VisualScripting.IonicZip.dll
Native extension for WindowsStandalone target not found
Refreshing native plugins compatible for Editor in 0.41 ms, found 1 plugins.
Preloading 0 native plugins for Editor in 0.00 ms.
Mono: successfully reloaded assembly
- Completed reload, in  0.849 seconds
Platform modules already initialized, skipping
========================================================================
Worker process is ready to serve import requests
Launched and connected shader compiler UnityShaderCompiler.exe after 0.05 seconds
Refreshing native plugins compatible for Editor in 0.42 ms, found 1 plugins.
Preloading 0 native plugins for Editor in 0.00 ms.
Unloading 2671 Unused Serialized files (Serialized files now loaded: 0)
System memory in use before: 111.3 MB.
System memory in use after: 111.5 MB.

Unloading 14 unused Assets to reduce memory usage. Loaded Objects now: 3142.
Total: 1.882800 ms (FindLiveObjects: 0.183500 ms CreateObjectMapping: 0.109500 ms MarkObjects: 1.490100 ms  DeleteObjects: 0.099100 ms)

========================================================================
Received Import Request.
  path: Assets/Low Poly Buildings Lite
  artifactKey: Guid(609888aacb2be0f48a3f4a1cedce3aa6) Importer(815301076,1909f56bfc062723c751e8b465ee728b)
Start importing Assets/Low Poly Buildings Lite using Guid(609888aacb2be0f48a3f4a1cedce3aa6) Importer(815301076,1909f56bfc062723c751e8b465ee728b)  -> (artifact id: 'fffc9ac5b818eac80d59156b5e179a19') in 0.003647 seconds 
========================================================================
Received Import Request.
  Time since last request: 3.297100 seconds.
  path: Assets/HandPaintedBarkTextures
  artifactKey: Guid(364e5fee0decabc4bba29f69f70ec6ac) Importer(815301076,1909f56bfc062723c751e8b465ee728b)
Start importing Assets/HandPaintedBarkTextures using Guid(364e5fee0decabc4bba29f69f70ec6ac) Importer(815301076,1909f56bfc062723c751e8b465ee728b)  -> (artifact id: '79a0475d955548d474950ec30fe8d053') in 0.001074 seconds 
========================================================================
Received Import Request.
  Time since last request: 6.712748 seconds.
  path: Assets/Materials
  artifactKey: Guid(bb5bc7fed2dafef4d9bdd86e9fcd58ee) Importer(815301076,1909f56bfc062723c751e8b465ee728b)
Start importing Assets/Materials using Guid(bb5bc7fed2dafef4d9bdd86e9fcd58ee) Importer(815301076,1909f56bfc062723c751e8b465ee728b)  -> (artifact id: 'd3345d1edd4901373288bdaee755df0c') in 0.001045 seconds 
========================================================================
Received Import Request.
  Time since last request: 0.502512 seconds.
  path: Assets/Prefabs
  artifactKey: Guid(6ae634bd6ef2b7a4c9cd4e3a1bb0dd24) Importer(815301076,1909f56bfc062723c751e8b465ee728b)
Start importing Assets/Prefabs using Guid(6ae634bd6ef2b7a4c9cd4e3a1bb0dd24) Importer(815301076,1909f56bfc062723c751e8b465ee728b)  -> (artifact id: 'b5143d27130507554cc45bc22ad679ff') in 0.001046 seconds 
========================================================================
Received Import Request.
  Time since last request: 0.843228 seconds.
  path: Assets/Textures
  artifactKey: Guid(eaba77eedffeb0b41b3a848dec382031) Importer(815301076,1909f56bfc062723c751e8b465ee728b)
Start importing Assets/Textures using Guid(eaba77eedffeb0b41b3a848dec382031) Importer(815301076,1909f56bfc062723c751e8b465ee728b)  -> (artifact id: 'e21a9e9e14027bd8d83ee0089f8b5533') in 0.001158 seconds 
========================================================================
Received Import Request.
  Time since last request: 0.605508 seconds.
  path: Assets/Scripts
  artifactKey: Guid(5b3cab6b46928534baaaba30278a82e4) Importer(815301076,1909f56bfc062723c751e8b465ee728b)
Start importing Assets/Scripts using Guid(5b3cab6b46928534baaaba30278a82e4) Importer(815301076,1909f56bfc062723c751e8b465ee728b)  -> (artifact id: 'e3a97ccf47acbd98f34718956d397897') in 0.001010 seconds 
========================================================================
Received Import Request.
  Time since last request: 0.547458 seconds.
  path: Assets/Scenes
  artifactKey: Guid(f69a3cd37ad0c62499c0b2a5f5ddd7fe) Importer(815301076,1909f56bfc062723c751e8b465ee728b)
Start importing Assets/Scenes using Guid(f69a3cd37ad0c62499c0b2a5f5ddd7fe) Importer(815301076,1909f56bfc062723c751e8b465ee728b)  -> (artifact id: 'e17c9709101d6a4cf1840cb76759a0a3') in 0.001053 seconds 
========================================================================
Received Import Request.
  Time since last request: 19.819199 seconds.
  path: Assets/Low Poly Buildings Lite/Example Scene.unity
  artifactKey: Guid(fddbdb47fd80a63488080e3f163d9925) Importer(815301076,1909f56bfc062723c751e8b465ee728b)
Start importing Assets/Low Poly Buildings Lite/Example Scene.unity using Guid(fddbdb47fd80a63488080e3f163d9925) Importer(815301076,1909f56bfc062723c751e8b465ee728b)  -> (artifact id: '1e4a8749aca477d6ee507a996f234842') in 0.009954 seconds 
========================================================================
Received Import Request.
  Time since last request: 3.625520 seconds.
  path: Assets/Low Poly Buildings Lite/Example SceneSettings.lighting
  artifactKey: Guid(f94c1b76ea94ae0488f9762e549c74d8) Importer(815301076,1909f56bfc062723c751e8b465ee728b)
Start importing Assets/Low Poly Buildings Lite/Example SceneSettings.lighting using Guid(f94c1b76ea94ae0488f9762e549c74d8) Importer(815301076,1909f56bfc062723c751e8b465ee728b) LightingSettings: switching bake backend from 1 to 0.
 -> (artifact id: 'dc9c0b37e6cdfd0327ca0b40af480af4') in 0.013084 seconds 
========================================================================
Received Import Request.
  Time since last request: 8.340493 seconds.
  path: Assets/Low Poly Buildings Lite/Prefabs
  artifactKey: Guid(2fa5cabca296bb845bbe3436183e2eb4) Importer(815301076,1909f56bfc062723c751e8b465ee728b)
Start importing Assets/Low Poly Buildings Lite/Prefabs using Guid(2fa5cabca296bb845bbe3436183e2eb4) Importer(815301076,1909f56bfc062723c751e8b465ee728b)  -> (artifact id: '8428e8805efb6b473593a9f005caae5c') in 0.001132 seconds 
========================================================================
Received Import Request.
  Time since last request: 0.082202 seconds.
  path: Assets/Low Poly Buildings Lite/Prefabs/Suburb House Yellow.prefab
  artifactKey: Guid(f0cf8146888c5ba4ebd406d6a76baeb7) Importer(815301076,1909f56bfc062723c751e8b465ee728b)
Start importing Assets/Low Poly Buildings Lite/Prefabs/Suburb House Yellow.prefab using Guid(f0cf8146888c5ba4ebd406d6a76baeb7) Importer(815301076,1909f56bfc062723c751e8b465ee728b)  -> (artifact id: 'bd2a9519f348d3d0b419ad9d4d2a6653') in 0.065182 seconds 
========================================================================
Received Import Request.
  Time since last request: 1.619800 seconds.
  path: Assets/Low Poly Buildings Lite/Models
  artifactKey: Guid(55ab2267540c46642af25daee99649dd) Importer(815301076,1909f56bfc062723c751e8b465ee728b)
Start importing Assets/Low Poly Buildings Lite/Models using Guid(55ab2267540c46642af25daee99649dd) Importer(815301076,1909f56bfc062723c751e8b465ee728b)  -> (artifact id: 'e1659d78c9a90163a1538619f35ebde3') in 0.001021 seconds 
========================================================================
Received Import Request.
  Time since last request: 0.093429 seconds.
  path: Assets/Low Poly Buildings Lite/Models/Suburb House.fbx
  artifactKey: Guid(e69748a4f24d78f4e9df2a161f448895) Importer(815301076,1909f56bfc062723c751e8b465ee728b)
Start importing Assets/Low Poly Buildings Lite/Models/Suburb House.fbx using Guid(e69748a4f24d78f4e9df2a161f448895) Importer(815301076,1909f56bfc062723c751e8b465ee728b)  -> (artifact id: 'db6a30e95a450b9833c2a251b02e3599') in 0.066538 seconds 
========================================================================
Received Import Request.
  Time since last request: 23.420166 seconds.
  path: Assets/Low Poly Buildings Lite/Models/Materials
  artifactKey: Guid(476fbdabec0808e419243007fb89fa6b) Importer(815301076,1909f56bfc062723c751e8b465ee728b)
Start importing Assets/Low Poly Buildings Lite/Models/Materials using Guid(476fbdabec0808e419243007fb89fa6b) Importer(815301076,1909f56bfc062723c751e8b465ee728b)  -> (artifact id: 'c87013ecf2c7c8ced635be46745b53fe') in 0.001107 seconds 
========================================================================
Received Import Request.
  Time since last request: 0.070911 seconds.
  path: Assets/Low Poly Buildings Lite/Models/Materials/Ground.mat
  artifactKey: Guid(f050ec658d3ebc641a543626a7c5cad0) Importer(815301076,1909f56bfc062723c751e8b465ee728b)
Start importing Assets/Low Poly Buildings Lite/Models/Materials/Ground.mat using Guid(f050ec658d3ebc641a543626a7c5cad0) Importer(815301076,1909f56bfc062723c751e8b465ee728b)  -> (artifact id: '75f90f4fc7ae1dee333ecd0f545e3e20') in 0.020616 seconds 
========================================================================
Received Import Request.
  Time since last request: 0.000210 seconds.
  path: Assets/Low Poly Buildings Lite/Models/Materials/Suburb House Grey.mat
  artifactKey: Guid(b85462f07b61b1549819ea65f816cc0c) Importer(815301076,1909f56bfc062723c751e8b465ee728b)
Start importing Assets/Low Poly Buildings Lite/Models/Materials/Suburb House Grey.mat using Guid(b85462f07b61b1549819ea65f816cc0c) Importer(815301076,1909f56bfc062723c751e8b465ee728b)  -> (artifact id: '7f34bcb54fc3164b726f27b034e8103b') in 0.007487 seconds 
========================================================================
Received Import Request.
  Time since last request: 0.000194 seconds.
  path: Assets/Low Poly Buildings Lite/Models/Materials/Suburb House Yellow.mat
  artifactKey: Guid(9ed3c25b3c2f29f4cae18baacc7dcb9f) Importer(815301076,1909f56bfc062723c751e8b465ee728b)
Start importing Assets/Low Poly Buildings Lite/Models/Materials/Suburb House Yellow.mat using Guid(9ed3c25b3c2f29f4cae18baacc7dcb9f) Importer(815301076,1909f56bfc062723c751e8b465ee728b)  -> (artifact id: '6b648840988c5d1247d0eec5826d1eb1') in 0.015178 seconds 
========================================================================
Received Import Request.
  Time since last request: 0.000212 seconds.
  path: Assets/Low Poly Buildings Lite/Models/Materials/Suburb House 1.mat
  artifactKey: Guid(62c2681ab4d0f314080a0cdbf8d238d5) Importer(815301076,1909f56bfc062723c751e8b465ee728b)
Start importing Assets/Low Poly Buildings Lite/Models/Materials/Suburb House 1.mat using Guid(62c2681ab4d0f314080a0cdbf8d238d5) Importer(815301076,1909f56bfc062723c751e8b465ee728b)  -> (artifact id: 'c22705a07617769517a8afc32d7237eb') in 0.007138 seconds 
========================================================================
Received Import Request.
  Time since last request: 17.963911 seconds.
  path: Assets/Low Poly Buildings Lite/Models/Materials/Textures
  artifactKey: Guid(068d2c412af1fc04e9ded73ede1a9060) Importer(815301076,1909f56bfc062723c751e8b465ee728b)
Start importing Assets/Low Poly Buildings Lite/Models/Materials/Textures using Guid(068d2c412af1fc04e9ded73ede1a9060) Importer(815301076,1909f56bfc062723c751e8b465ee728b)  -> (artifact id: 'ebdccd1d44bcfebb56023748659712df') in 0.001311 seconds 
========================================================================
Received Import Request.
  Time since last request: 0.081518 seconds.
  path: Assets/Low Poly Buildings Lite/Models/Materials/Textures/Suburb House 1.png
  artifactKey: Guid(a8243e1d105d3a34f86072eea9f2eb21) Importer(815301076,1909f56bfc062723c751e8b465ee728b)
Start importing Assets/Low Poly Buildings Lite/Models/Materials/Textures/Suburb House 1.png using Guid(a8243e1d105d3a34f86072eea9f2eb21) Importer(815301076,1909f56bfc062723c751e8b465ee728b)  -> (artifact id: '787e88730b866bcfe923ce2aad283f4d') in 0.014833 seconds 
========================================================================
Received Import Request.
  Time since last request: 0.000218 seconds.
  path: Assets/Low Poly Buildings Lite/Models/Materials/Textures/Suburb House 4.png
  artifactKey: Guid(172352d8dbbc157429d9f4d662158a0d) Importer(815301076,1909f56bfc062723c751e8b465ee728b)
Start importing Assets/Low Poly Buildings Lite/Models/Materials/Textures/Suburb House 4.png using Guid(172352d8dbbc157429d9f4d662158a0d) Importer(815301076,1909f56bfc062723c751e8b465ee728b)  -> (artifact id: '155e4b218f39bf54ae0ac4451c1e87c9') in 0.006189 seconds 
========================================================================
Received Import Request.
  Time since last request: 11.081574 seconds.
  path: Assets/Prefabs/BuildingMenu 2.0.prefab
  artifactKey: Guid(3e3c70642b619344eb9a786b6b24838b) Importer(815301076,1909f56bfc062723c751e8b465ee728b)
Start importing Assets/Prefabs/BuildingMenu 2.0.prefab using Guid(3e3c70642b619344eb9a786b6b24838b) Importer(815301076,1909f56bfc062723c751e8b465ee728b)  -> (artifact id: '0eac8f3367ca22463a685dcca1e62d15') in 0.034415 seconds 
========================================================================
Received Import Request.
  Time since last request: 0.000244 seconds.
  path: Assets/Prefabs/MainMenu.prefab
  artifactKey: Guid(d8d5ae93fb2c54b4fb3a4bc1265bf21f) Importer(815301076,1909f56bfc062723c751e8b465ee728b)
Start importing Assets/Prefabs/MainMenu.prefab using Guid(d8d5ae93fb2c54b4fb3a4bc1265bf21f) Importer(815301076,1909f56bfc062723c751e8b465ee728b)  -> (artifact id: 'ae0d241aa8926d151acdb86a8cfb8f53') in 0.012442 seconds 
========================================================================
Received Import Request.
  Time since last request: 0.000301 seconds.
  path: Assets/Prefabs/Suburb House Grey.prefab
  artifactKey: Guid(1560075f917727c46a8546367a2f3132) Importer(815301076,1909f56bfc062723c751e8b465ee728b)
Start importing Assets/Prefabs/Suburb House Grey.prefab using Guid(1560075f917727c46a8546367a2f3132) Importer(815301076,1909f56bfc062723c751e8b465ee728b)  -> (artifact id: 'e27965f98ee0d3c4bf63e321d32eb210') in 0.011226 seconds 
========================================================================
Received Import Request.
  Time since last request: 0.000201 seconds.
  path: Assets/Prefabs/Cell.prefab
  artifactKey: Guid(7bc5622d1feba2140b88f6f55cd2340f) Importer(815301076,1909f56bfc062723c751e8b465ee728b)
Start importing Assets/Prefabs/Cell.prefab using Guid(7bc5622d1feba2140b88f6f55cd2340f) Importer(815301076,1909f56bfc062723c751e8b465ee728b)  -> (artifact id: 'a14e64438ad45e96294f6b125d255be2') in 0.044264 seconds 
========================================================================
Received Import Request.
  Time since last request: 0.000233 seconds.
  path: Assets/Prefabs/BuildingMenu.prefab
  artifactKey: Guid(f457635dc8b55c44caa10e5053e236a1) Importer(815301076,1909f56bfc062723c751e8b465ee728b)
Start importing Assets/Prefabs/BuildingMenu.prefab using Guid(f457635dc8b55c44caa10e5053e236a1) Importer(815301076,1909f56bfc062723c751e8b465ee728b)  -> (artifact id: 'f76490a6cd5ec8ae2ceb8dbc6631d00d') in 0.005589 seconds 
========================================================================
Received Import Request.
  Time since last request: 0.000241 seconds.
  path: Assets/Prefabs/PauseMenu.prefab
  artifactKey: Guid(03927bf747760b1469014b29c9215414) Importer(815301076,1909f56bfc062723c751e8b465ee728b)
Start importing Assets/Prefabs/PauseMenu.prefab using Guid(03927bf747760b1469014b29c9215414) Importer(815301076,1909f56bfc062723c751e8b465ee728b)  -> (artifact id: '5831d9eaa16532a74f29e6dff082e26f') in 0.005509 seconds 
========================================================================
Received Import Request.
  Time since last request: 0.000230 seconds.
  path: Assets/Prefabs/Tree Type1 05.prefab
  artifactKey: Guid(76be61eeff2e7164cb99e1cf8cf0c22b) Importer(815301076,1909f56bfc062723c751e8b465ee728b)
Start importing Assets/Prefabs/Tree Type1 05.prefab using Guid(76be61eeff2e7164cb99e1cf8cf0c22b) Importer(815301076,1909f56bfc062723c751e8b465ee728b)  -> (artifact id: '6a49a86de66ce88495c505d0ead187f4') in 0.008944 seconds 
========================================================================
Received Import Request.
  Time since last request: 0.000210 seconds.
  path: Assets/Prefabs/UpgradeMenu.prefab
  artifactKey: Guid(4eb2139246d6dae4cb28a9d463c06256) Importer(815301076,1909f56bfc062723c751e8b465ee728b)
Start importing Assets/Prefabs/UpgradeMenu.prefab using Guid(4eb2139246d6dae4cb28a9d463c06256) Importer(815301076,1909f56bfc062723c751e8b465ee728b)  -> (artifact id: '2318259b937efd36f0adc0885e0276cb') in 0.004615 seconds 
========================================================================
Received Import Request.
  Time since last request: 136.005450 seconds.
  path: Assets/Prefabs/Suburb House Grey.prefab
  artifactKey: Guid(1560075f917727c46a8546367a2f3132) Importer(815301076,1909f56bfc062723c751e8b465ee728b)
Start importing Assets/Prefabs/Suburb House Grey.prefab using Guid(1560075f917727c46a8546367a2f3132) Importer(815301076,1909f56bfc062723c751e8b465ee728b)  -> (artifact id: '564a9cab970ae898796c509fb396078f') in 0.015688 seconds 
========================================================================
Received Import Request.
  Time since last request: 8.249149 seconds.
  path: Assets/Prefabs/Suburb House Grey.prefab
  artifactKey: Guid(1560075f917727c46a8546367a2f3132) Importer(815301076,1909f56bfc062723c751e8b465ee728b)
Start importing Assets/Prefabs/Suburb House Grey.prefab using Guid(1560075f917727c46a8546367a2f3132) Importer(815301076,1909f56bfc062723c751e8b465ee728b)  -> (artifact id: '9884c3c808b2af1b18d65b2c89206509') in 0.015961 seconds 
========================================================================
Received Import Request.
  Time since last request: 11.095516 seconds.
  path: Assets/Prefabs/Suburb House Grey.prefab
  artifactKey: Guid(1560075f917727c46a8546367a2f3132) Importer(815301076,1909f56bfc062723c751e8b465ee728b)
Start importing Assets/Prefabs/Suburb House Grey.prefab using Guid(1560075f917727c46a8546367a2f3132) Importer(815301076,1909f56bfc062723c751e8b465ee728b)  -> (artifact id: 'd295935d7dbad49f18f455d881722fcd') in 0.011526 seconds 
========================================================================
Received Import Request.
  Time since last request: 4.837625 seconds.
  path: Assets/Prefabs/Suburb House Grey.prefab
  artifactKey: Guid(1560075f917727c46a8546367a2f3132) Importer(815301076,1909f56bfc062723c751e8b465ee728b)
Start importing Assets/Prefabs/Suburb House Grey.prefab using Guid(1560075f917727c46a8546367a2f3132) Importer(815301076,1909f56bfc062723c751e8b465ee728b)  -> (artifact id: 'f7508f321f3e61f2bea24e338bf6ed16') in 0.008839 seconds 
========================================================================
Received Import Request.
  Time since last request: 9.282801 seconds.
  path: Assets/Prefabs/Suburb House Grey.prefab
  artifactKey: Guid(1560075f917727c46a8546367a2f3132) Importer(815301076,1909f56bfc062723c751e8b465ee728b)
Start importing Assets/Prefabs/Suburb House Grey.prefab using Guid(1560075f917727c46a8546367a2f3132) Importer(815301076,1909f56bfc062723c751e8b465ee728b)  -> (artifact id: 'a061d021de659418a7fe9cf86d2e6371') in 0.037197 seconds 
========================================================================
Received Import Request.
  Time since last request: 72.838505 seconds.
  path: Assets/Scripts/ButtonActions.prefab
  artifactKey: Guid(44d092d966a1f314c995dce2e2b8d884) Importer(815301076,1909f56bfc062723c751e8b465ee728b)
Start importing Assets/Scripts/ButtonActions.prefab using Guid(44d092d966a1f314c995dce2e2b8d884) Importer(815301076,1909f56bfc062723c751e8b465ee728b)  -> (artifact id: 'ec4434eb0ab55d84b00448ec708b5f57') in 0.006910 seconds 
========================================================================
Received Import Request.
  Time since last request: 0.000189 seconds.
  path: Assets/Scripts/WorldBuilder.prefab
  artifactKey: Guid(b9c2aea747bcc7f448e05e7498cb8f8f) Importer(815301076,1909f56bfc062723c751e8b465ee728b)
Start importing Assets/Scripts/WorldBuilder.prefab using Guid(b9c2aea747bcc7f448e05e7498cb8f8f) Importer(815301076,1909f56bfc062723c751e8b465ee728b)  -> (artifact id: '2a40550550631c3276b2651e0744206c') in 0.014641 seconds 
========================================================================
Received Import Request.
  Time since last request: 4.629548 seconds.
  path: Assets/Scripts/WorldBuilderScript.cs
  artifactKey: Guid(d6322c861639e2c4c9f610678332afc7) Importer(815301076,1909f56bfc062723c751e8b465ee728b)
Start importing Assets/Scripts/WorldBuilderScript.cs using Guid(d6322c861639e2c4c9f610678332afc7) Importer(815301076,1909f56bfc062723c751e8b465ee728b)  -> (artifact id: 'f42bd825502cebfb60639e16173a7188') in 0.003062 seconds 
========================================================================
Received Import Request.
  Time since last request: 213.212384 seconds.
  path: Assets/Scripts/WorldBuilderScript.cs
  artifactKey: Guid(d6322c861639e2c4c9f610678332afc7) Importer(815301076,1909f56bfc062723c751e8b465ee728b)
Start importing Assets/Scripts/WorldBuilderScript.cs using Guid(d6322c861639e2c4c9f610678332afc7) Importer(815301076,1909f56bfc062723c751e8b465ee728b)  -> (artifact id: 'b9e8346dfa3d1f0bf64dc1f8424e9a18') in 0.002632 seconds 
========================================================================
Received Prepare
Registering precompiled user dll's ...
Registered in 0.001592 seconds.
Begin MonoManager ReloadAssembly
Symbol file LoadedFromMemory doesn't match image C:\Users\TheArzy\GitFlowData\Library\PackageCache\com.unity.visualscripting@1.6.1\Editor\VisualScripting.Core\Dependencies\YamlDotNet\Unity.VisualScripting.YamlDotNet.dll
Symbol file LoadedFromMemory doesn't match image C:\Users\TheArzy\GitFlowData\Library\PackageCache\com.unity.visualscripting@1.6.1\Editor\VisualScripting.Core\Dependencies\DotNetZip\Unity.VisualScripting.IonicZip.dll
Native extension for WindowsStandalone target not found
Refreshing native plugins compatible for Editor in 0.43 ms, found 1 plugins.
Preloading 0 native plugins for Editor in 0.00 ms.
Mono: successfully reloaded assembly
- Completed reload, in  0.830 seconds
Platform modules already initialized, skipping
Refreshing native plugins compatible for Editor in 0.47 ms, found 1 plugins.
Preloading 0 native plugins for Editor in 0.00 ms.
Unloading 2667 Unused Serialized files (Serialized files now loaded: 0)
System memory in use before: 116.6 MB.
System memory in use after: 116.8 MB.

Unloading 16 unused Assets to reduce memory usage. Loaded Objects now: 3224.
Total: 2.046600 ms (FindLiveObjects: 0.215000 ms CreateObjectMapping: 0.160600 ms MarkObjects: 1.602600 ms  DeleteObjects: 0.067100 ms)

========================================================================
Received Import Request.
  Time since last request: 90.319246 seconds.
  path: Assets/Scripts/WorldBuilderScript.cs
  artifactKey: Guid(d6322c861639e2c4c9f610678332afc7) Importer(815301076,1909f56bfc062723c751e8b465ee728b)
Start importing Assets/Scripts/WorldBuilderScript.cs using Guid(d6322c861639e2c4c9f610678332afc7) Importer(815301076,1909f56bfc062723c751e8b465ee728b)  -> (artifact id: '4c5135fa47529a72998188342c3a93f7') in 0.007607 seconds 
========================================================================
Received Prepare
Registering precompiled user dll's ...
Registered in 0.001667 seconds.
Begin MonoManager ReloadAssembly
Symbol file LoadedFromMemory doesn't match image C:\Users\TheArzy\GitFlowData\Library\PackageCache\com.unity.visualscripting@1.6.1\Editor\VisualScripting.Core\Dependencies\YamlDotNet\Unity.VisualScripting.YamlDotNet.dll
Symbol file LoadedFromMemory doesn't match image C:\Users\TheArzy\GitFlowData\Library\PackageCache\com.unity.visualscripting@1.6.1\Editor\VisualScripting.Core\Dependencies\DotNetZip\Unity.VisualScripting.IonicZip.dll
Native extension for WindowsStandalone target not found
Refreshing native plugins compatible for Editor in 0.42 ms, found 1 plugins.
Preloading 0 native plugins for Editor in 0.00 ms.
Mono: successfully reloaded assembly
- Completed reload, in  0.817 seconds
Platform modules already initialized, skipping
Refreshing native plugins compatible for Editor in 0.47 ms, found 1 plugins.
Preloading 0 native plugins for Editor in 0.00 ms.
Unloading 2666 Unused Serialized files (Serialized files now loaded: 0)
System memory in use before: 116.6 MB.
System memory in use after: 116.8 MB.

Unloading 9 unused Assets to reduce memory usage. Loaded Objects now: 3227.
Total: 1.953200 ms (FindLiveObjects: 0.209000 ms CreateObjectMapping: 0.122400 ms MarkObjects: 1.568200 ms  DeleteObjects: 0.052500 ms)

========================================================================
Received Import Request.
  Time since last request: 91.389555 seconds.
  path: Assets/Scripts/WorldBuilderScript.cs
  artifactKey: Guid(d6322c861639e2c4c9f610678332afc7) Importer(815301076,1909f56bfc062723c751e8b465ee728b)
Start importing Assets/Scripts/WorldBuilderScript.cs using Guid(d6322c861639e2c4c9f610678332afc7) Importer(815301076,1909f56bfc062723c751e8b465ee728b)  -> (artifact id: 'f50401f0aefb9cdc3cf9aed296f162ab') in 0.004149 seconds 
========================================================================
Received Prepare
Registering precompiled user dll's ...
Registered in 0.003234 seconds.
Begin MonoManager ReloadAssembly
Symbol file LoadedFromMemory doesn't match image C:\Users\TheArzy\GitFlowData\Library\PackageCache\com.unity.visualscripting@1.6.1\Editor\VisualScripting.Core\Dependencies\YamlDotNet\Unity.VisualScripting.YamlDotNet.dll
Symbol file LoadedFromMemory doesn't match image C:\Users\TheArzy\GitFlowData\Library\PackageCache\com.unity.visualscripting@1.6.1\Editor\VisualScripting.Core\Dependencies\DotNetZip\Unity.VisualScripting.IonicZip.dll
Native extension for WindowsStandalone target not found
Refreshing native plugins compatible for Editor in 0.44 ms, found 1 plugins.
Preloading 0 native plugins for Editor in 0.00 ms.
Mono: successfully reloaded assembly
- Completed reload, in  0.971 seconds
Platform modules already initialized, skipping
Refreshing native plugins compatible for Editor in 0.44 ms, found 1 plugins.
Preloading 0 native plugins for Editor in 0.00 ms.
Unloading 2666 Unused Serialized files (Serialized files now loaded: 0)
System memory in use before: 116.6 MB.
System memory in use after: 116.8 MB.

Unloading 9 unused Assets to reduce memory usage. Loaded Objects now: 3230.
Total: 1.900400 ms (FindLiveObjects: 0.222000 ms CreateObjectMapping: 0.134000 ms MarkObjects: 1.491800 ms  DeleteObjects: 0.051600 ms)

========================================================================
Received Import Request.
  Time since last request: 38.508728 seconds.
  path: Assets/Scripts/WorldBuilderScript.cs
  artifactKey: Guid(d6322c861639e2c4c9f610678332afc7) Importer(815301076,1909f56bfc062723c751e8b465ee728b)
Start importing Assets/Scripts/WorldBuilderScript.cs using Guid(d6322c861639e2c4c9f610678332afc7) Importer(815301076,1909f56bfc062723c751e8b465ee728b)  -> (artifact id: 'f675e2708101a5b9b21a1a2ca19cb71d') in 0.004277 seconds 
========================================================================
Received Prepare
Registering precompiled user dll's ...
Registered in 0.001744 seconds.
Begin MonoManager ReloadAssembly
Symbol file LoadedFromMemory doesn't match image C:\Users\TheArzy\GitFlowData\Library\PackageCache\com.unity.visualscripting@1.6.1\Editor\VisualScripting.Core\Dependencies\YamlDotNet\Unity.VisualScripting.YamlDotNet.dll
Symbol file LoadedFromMemory doesn't match image C:\Users\TheArzy\GitFlowData\Library\PackageCache\com.unity.visualscripting@1.6.1\Editor\VisualScripting.Core\Dependencies\DotNetZip\Unity.VisualScripting.IonicZip.dll
Native extension for WindowsStandalone target not found
Refreshing native plugins compatible for Editor in 0.47 ms, found 1 plugins.
Preloading 0 native plugins for Editor in 0.00 ms.
Mono: successfully reloaded assembly
- Completed reload, in  0.839 seconds
Platform modules already initialized, skipping
Refreshing native plugins compatible for Editor in 0.47 ms, found 1 plugins.
Preloading 0 native plugins for Editor in 0.00 ms.
Unloading 2666 Unused Serialized files (Serialized files now loaded: 0)
System memory in use before: 116.6 MB.
System memory in use after: 116.8 MB.

Unloading 9 unused Assets to reduce memory usage. Loaded Objects now: 3233.
Total: 1.891500 ms (FindLiveObjects: 0.208700 ms CreateObjectMapping: 0.117300 ms MarkObjects: 1.503800 ms  DeleteObjects: 0.061000 ms)

========================================================================
Received Import Request.
  Time since last request: 1200.841733 seconds.
  path: Assets/Scripts/WorldBuilderScript.cs
  artifactKey: Guid(d6322c861639e2c4c9f610678332afc7) Importer(815301076,1909f56bfc062723c751e8b465ee728b)
Start importing Assets/Scripts/WorldBuilderScript.cs using Guid(d6322c861639e2c4c9f610678332afc7) Importer(815301076,1909f56bfc062723c751e8b465ee728b)  -> (artifact id: 'b91ad1bb4b2390453e7f515d6f6858e8') in 0.004810 seconds 
========================================================================
Received Prepare
Registering precompiled user dll's ...
Registered in 0.001722 seconds.
Begin MonoManager ReloadAssembly
Symbol file LoadedFromMemory doesn't match image C:\Users\TheArzy\GitFlowData\Library\PackageCache\com.unity.visualscripting@1.6.1\Editor\VisualScripting.Core\Dependencies\YamlDotNet\Unity.VisualScripting.YamlDotNet.dll
Symbol file LoadedFromMemory doesn't match image C:\Users\TheArzy\GitFlowData\Library\PackageCache\com.unity.visualscripting@1.6.1\Editor\VisualScripting.Core\Dependencies\DotNetZip\Unity.VisualScripting.IonicZip.dll
Native extension for WindowsStandalone target not found
Refreshing native plugins compatible for Editor in 0.43 ms, found 1 plugins.
Preloading 0 native plugins for Editor in 0.00 ms.
Mono: successfully reloaded assembly
- Completed reload, in  0.807 seconds
Platform modules already initialized, skipping
Refreshing native plugins compatible for Editor in 0.55 ms, found 1 plugins.
Preloading 0 native plugins for Editor in 0.00 ms.
Unloading 2666 Unused Serialized files (Serialized files now loaded: 0)
System memory in use before: 116.6 MB.
System memory in use after: 116.8 MB.

Unloading 9 unused Assets to reduce memory usage. Loaded Objects now: 3236.
Total: 1.896200 ms (FindLiveObjects: 0.198300 ms CreateObjectMapping: 0.115800 ms MarkObjects: 1.525500 ms  DeleteObjects: 0.055500 ms)

========================================================================
Received Prepare
Registering precompiled user dll's ...
Registered in 0.001575 seconds.
Begin MonoManager ReloadAssembly
Symbol file LoadedFromMemory doesn't match image C:\Users\TheArzy\GitFlowData\Library\PackageCache\com.unity.visualscripting@1.6.1\Editor\VisualScripting.Core\Dependencies\YamlDotNet\Unity.VisualScripting.YamlDotNet.dll
Symbol file LoadedFromMemory doesn't match image C:\Users\TheArzy\GitFlowData\Library\PackageCache\com.unity.visualscripting@1.6.1\Editor\VisualScripting.Core\Dependencies\DotNetZip\Unity.VisualScripting.IonicZip.dll
Native extension for WindowsStandalone target not found
Refreshing native plugins compatible for Editor in 0.41 ms, found 1 plugins.
Preloading 0 native plugins for Editor in 0.00 ms.
Mono: successfully reloaded assembly
- Completed reload, in  0.843 seconds
Platform modules already initialized, skipping
Refreshing native plugins compatible for Editor in 0.43 ms, found 1 plugins.
Preloading 0 native plugins for Editor in 0.00 ms.
Unloading 2666 Unused Serialized files (Serialized files now loaded: 0)
System memory in use before: 116.6 MB.
System memory in use after: 116.8 MB.

Unloading 9 unused Assets to reduce memory usage. Loaded Objects now: 3239.
Total: 1.962000 ms (FindLiveObjects: 0.218400 ms CreateObjectMapping: 0.144200 ms MarkObjects: 1.535800 ms  DeleteObjects: 0.062400 ms)

========================================================================
Received Prepare
Registering precompiled user dll's ...
Registered in 0.003333 seconds.
Begin MonoManager ReloadAssembly
Symbol file LoadedFromMemory doesn't match image C:\Users\TheArzy\GitFlowData\Library\PackageCache\com.unity.visualscripting@1.6.1\Editor\VisualScripting.Core\Dependencies\YamlDotNet\Unity.VisualScripting.YamlDotNet.dll
Symbol file LoadedFromMemory doesn't match image C:\Users\TheArzy\GitFlowData\Library\PackageCache\com.unity.visualscripting@1.6.1\Editor\VisualScripting.Core\Dependencies\DotNetZip\Unity.VisualScripting.IonicZip.dll
Native extension for WindowsStandalone target not found
Refreshing native plugins compatible for Editor in 0.42 ms, found 1 plugins.
Preloading 0 native plugins for Editor in 0.00 ms.
Mono: successfully reloaded assembly
- Completed reload, in  0.795 seconds
Platform modules already initialized, skipping
Refreshing native plugins compatible for Editor in 0.42 ms, found 1 plugins.
Preloading 0 native plugins for Editor in 0.00 ms.
Unloading 2666 Unused Serialized files (Serialized files now loaded: 0)
System memory in use before: 116.6 MB.
System memory in use after: 116.8 MB.

Unloading 9 unused Assets to reduce memory usage. Loaded Objects now: 3242.
Total: 1.875200 ms (FindLiveObjects: 0.203700 ms CreateObjectMapping: 0.118900 ms MarkObjects: 1.499100 ms  DeleteObjects: 0.052400 ms)

========================================================================
Received Prepare
Registering precompiled user dll's ...
Registered in 0.001690 seconds.
Begin MonoManager ReloadAssembly
Symbol file LoadedFromMemory doesn't match image C:\Users\TheArzy\GitFlowData\Library\PackageCache\com.unity.visualscripting@1.6.1\Editor\VisualScripting.Core\Dependencies\YamlDotNet\Unity.VisualScripting.YamlDotNet.dll
Symbol file LoadedFromMemory doesn't match image C:\Users\TheArzy\GitFlowData\Library\PackageCache\com.unity.visualscripting@1.6.1\Editor\VisualScripting.Core\Dependencies\DotNetZip\Unity.VisualScripting.IonicZip.dll
Native extension for WindowsStandalone target not found
Refreshing native plugins compatible for Editor in 0.51 ms, found 1 plugins.
Preloading 0 native plugins for Editor in 0.00 ms.
Mono: successfully reloaded assembly
- Completed reload, in  0.807 seconds
Platform modules already initialized, skipping
Refreshing native plugins compatible for Editor in 0.53 ms, found 1 plugins.
Preloading 0 native plugins for Editor in 0.00 ms.
Unloading 2666 Unused Serialized files (Serialized files now loaded: 0)
System memory in use before: 116.7 MB.
System memory in use after: 116.9 MB.

Unloading 9 unused Assets to reduce memory usage. Loaded Objects now: 3245.
Total: 8.591900 ms (FindLiveObjects: 2.304700 ms CreateObjectMapping: 4.409900 ms MarkObjects: 1.811200 ms  DeleteObjects: 0.064700 ms)

========================================================================
Received Prepare
Registering precompiled user dll's ...
Registered in 0.001569 seconds.
Begin MonoManager ReloadAssembly
Symbol file LoadedFromMemory doesn't match image C:\Users\TheArzy\GitFlowData\Library\PackageCache\com.unity.visualscripting@1.6.1\Editor\VisualScripting.Core\Dependencies\YamlDotNet\Unity.VisualScripting.YamlDotNet.dll
Symbol file LoadedFromMemory doesn't match image C:\Users\TheArzy\GitFlowData\Library\PackageCache\com.unity.visualscripting@1.6.1\Editor\VisualScripting.Core\Dependencies\DotNetZip\Unity.VisualScripting.IonicZip.dll
Native extension for WindowsStandalone target not found
Refreshing native plugins compatible for Editor in 0.56 ms, found 1 plugins.
Preloading 0 native plugins for Editor in 0.00 ms.
Mono: successfully reloaded assembly
- Completed reload, in  0.859 seconds
Platform modules already initialized, skipping
Refreshing native plugins compatible for Editor in 0.50 ms, found 1 plugins.
Preloading 0 native plugins for Editor in 0.00 ms.
Unloading 2666 Unused Serialized files (Serialized files now loaded: 0)
System memory in use before: 116.7 MB.
System memory in use after: 116.9 MB.

Unloading 9 unused Assets to reduce memory usage. Loaded Objects now: 3248.
Total: 2.344600 ms (FindLiveObjects: 0.213800 ms CreateObjectMapping: 0.119000 ms MarkObjects: 1.931500 ms  DeleteObjects: 0.079000 ms)

AssetImportWorkerClient::OnTransportError - code=2 error=End of file
