Using pre-set license
Built from '2021.1/staging' branch; Version is '2021.1.7f1 (d91830b65d9b) revision 14227504'; Using compiler version '192528614'; Build Type 'Release'
OS: 'Windows 10 Pro; OS build 19041.329; Version 2004; 64bit' Language: 'ru' Physical Memory: 16328 MB
BatchMode: 1, IsHumanControllingUs: 0, StartBugReporterOnCrash: 0, Is64bit: 1, IsPro: 0

 COMMAND LINE ARGUMENTS:
C:\Program Files\Unity\Hub\Editor\2021.1.7f1\Editor\Unity.exe
-adb2
-batchMode
-noUpm
-name
AssetImportWorker1
-projectPath
Z:/DesktopU/UnityStuff/Unity Projects/BuildingsUpgrader
-logFile
Logs/AssetImportWorker1.log
-srvPort
14851
Successfully changed project path to: Z:/DesktopU/UnityStuff/Unity Projects/BuildingsUpgrader
Z:/DesktopU/UnityStuff/Unity Projects/BuildingsUpgrader
Using Asset Import Pipeline V2.
Refreshing native plugins compatible for Editor in 81.25 ms, found 1 plugins.
Preloading 0 native plugins for Editor in 0.00 ms.
Initialize engine version: 2021.1.7f1 (d91830b65d9b)
[Subsystems] Discovering subsystems at path C:/Program Files/Unity/Hub/Editor/2021.1.7f1/Editor/Data/Resources/UnitySubsystems
[Subsystems] Discovering subsystems at path Z:/DesktopU/UnityStuff/Unity Projects/BuildingsUpgrader/Assets
GfxDevice: creating device client; threaded=0; jobified=0
Direct3D:
    Version:  Direct3D 11.0 [level 11.0]
    Renderer: NVIDIA GeForce GTX 760 (ID=0x1187)
    Vendor:   NVIDIA
    VRAM:     2007 MB
    Driver:   27.21.14.6627
Initialize mono
Mono path[0] = 'C:/Program Files/Unity/Hub/Editor/2021.1.7f1/Editor/Data/Managed'
Mono path[1] = 'C:/Program Files/Unity/Hub/Editor/2021.1.7f1/Editor/Data/MonoBleedingEdge/lib/mono/unityjit'
Mono config path = 'C:/Program Files/Unity/Hub/Editor/2021.1.7f1/Editor/Data/MonoBleedingEdge/etc'
Using monoOptions --debugger-agent=transport=dt_socket,embedding=1,server=y,suspend=n,address=127.0.0.1:56744
Begin MonoManager ReloadAssembly
Registering precompiled unity dll's ...
Register platform support module: C:/Program Files/Unity/Hub/Editor/2021.1.7f1/Editor/Data/PlaybackEngines/WindowsStandaloneSupport/UnityEditor.WindowsStandalone.Extensions.dll
Registered in 0.001066 seconds.
Native extension for WindowsStandalone target not found
Refreshing native plugins compatible for Editor in 77.71 ms, found 1 plugins.
Preloading 0 native plugins for Editor in 0.00 ms.
Mono: successfully reloaded assembly
- Completed reload, in  1.411 seconds
Platform modules already initialized, skipping
Registering precompiled user dll's ...
Registered in 0.001607 seconds.
Begin MonoManager ReloadAssembly
Symbol file LoadedFromMemory doesn't match image Z:\DesktopU\UnityStuff\Unity Projects\BuildingsUpgrader\Library\PackageCache\com.unity.visualscripting@1.6.1\Editor\VisualScripting.Core\Dependencies\YamlDotNet\Unity.VisualScripting.YamlDotNet.dll
Symbol file LoadedFromMemory doesn't match image Z:\DesktopU\UnityStuff\Unity Projects\BuildingsUpgrader\Library\PackageCache\com.unity.visualscripting@1.6.1\Editor\VisualScripting.Core\Dependencies\DotNetZip\Unity.VisualScripting.IonicZip.dll
Native extension for WindowsStandalone target not found
Refreshing native plugins compatible for Editor in 0.44 ms, found 1 plugins.
Preloading 0 native plugins for Editor in 0.00 ms.
Mono: successfully reloaded assembly
- Completed reload, in  0.980 seconds
Platform modules already initialized, skipping
========================================================================
Worker process is ready to serve import requests
Launched and connected shader compiler UnityShaderCompiler.exe after 0.05 seconds
Refreshing native plugins compatible for Editor in 0.44 ms, found 1 plugins.
Preloading 0 native plugins for Editor in 0.00 ms.
Unloading 2672 Unused Serialized files (Serialized files now loaded: 0)
System memory in use before: 111.3 MB.
System memory in use after: 111.5 MB.

Unloading 14 unused Assets to reduce memory usage. Loaded Objects now: 3143.
Total: 2.304100 ms (FindLiveObjects: 0.231600 ms CreateObjectMapping: 0.168700 ms MarkObjects: 1.812600 ms  DeleteObjects: 0.090000 ms)

========================================================================
Received Import Request.
  path: Assets/Scripts/Camera.cs
  artifactKey: Guid(100daa8c2d41cad4b83765c7059b5562) Importer(815301076,1909f56bfc062723c751e8b465ee728b)
Start importing Assets/Scripts/Camera.cs using Guid(100daa8c2d41cad4b83765c7059b5562) Importer(815301076,1909f56bfc062723c751e8b465ee728b)  -> (artifact id: '1797de1044acd56050e0e536a92655ac') in 0.017879 seconds 
========================================================================
Received Import Request.
  Time since last request: 8.096089 seconds.
  path: Assets/Scripts/CameraControl.cs
  artifactKey: Guid(100daa8c2d41cad4b83765c7059b5562) Importer(815301076,1909f56bfc062723c751e8b465ee728b)
Start importing Assets/Scripts/CameraControl.cs using Guid(100daa8c2d41cad4b83765c7059b5562) Importer(815301076,1909f56bfc062723c751e8b465ee728b)  -> (artifact id: '2b1011ec09b6c6da38b499caca9b82a2') in 0.001402 seconds 
========================================================================
Received Prepare
Registering precompiled user dll's ...
Registered in 0.001305 seconds.
Begin MonoManager ReloadAssembly
Symbol file LoadedFromMemory doesn't match image Z:\DesktopU\UnityStuff\Unity Projects\BuildingsUpgrader\Library\PackageCache\com.unity.visualscripting@1.6.1\Editor\VisualScripting.Core\Dependencies\YamlDotNet\Unity.VisualScripting.YamlDotNet.dll
Symbol file LoadedFromMemory doesn't match image Z:\DesktopU\UnityStuff\Unity Projects\BuildingsUpgrader\Library\PackageCache\com.unity.visualscripting@1.6.1\Editor\VisualScripting.Core\Dependencies\DotNetZip\Unity.VisualScripting.IonicZip.dll
Native extension for WindowsStandalone target not found
Refreshing native plugins compatible for Editor in 0.45 ms, found 1 plugins.
Preloading 0 native plugins for Editor in 0.00 ms.
Mono: successfully reloaded assembly
- Completed reload, in  0.795 seconds
Platform modules already initialized, skipping
Refreshing native plugins compatible for Editor in 0.44 ms, found 1 plugins.
Preloading 0 native plugins for Editor in 0.00 ms.
Unloading 2667 Unused Serialized files (Serialized files now loaded: 0)
System memory in use before: 111.3 MB.
System memory in use after: 111.5 MB.

Unloading 9 unused Assets to reduce memory usage. Loaded Objects now: 3146.
Total: 1.720500 ms (FindLiveObjects: 0.188400 ms CreateObjectMapping: 0.112200 ms MarkObjects: 1.370400 ms  DeleteObjects: 0.048500 ms)

========================================================================
Received Prepare
Registering precompiled user dll's ...
Registered in 0.001469 seconds.
Begin MonoManager ReloadAssembly
Symbol file LoadedFromMemory doesn't match image Z:\DesktopU\UnityStuff\Unity Projects\BuildingsUpgrader\Library\PackageCache\com.unity.visualscripting@1.6.1\Editor\VisualScripting.Core\Dependencies\YamlDotNet\Unity.VisualScripting.YamlDotNet.dll
Symbol file LoadedFromMemory doesn't match image Z:\DesktopU\UnityStuff\Unity Projects\BuildingsUpgrader\Library\PackageCache\com.unity.visualscripting@1.6.1\Editor\VisualScripting.Core\Dependencies\DotNetZip\Unity.VisualScripting.IonicZip.dll
Native extension for WindowsStandalone target not found
Refreshing native plugins compatible for Editor in 0.44 ms, found 1 plugins.
Preloading 0 native plugins for Editor in 0.00 ms.
Mono: successfully reloaded assembly
- Completed reload, in  0.807 seconds
Platform modules already initialized, skipping
Refreshing native plugins compatible for Editor in 0.54 ms, found 1 plugins.
Preloading 0 native plugins for Editor in 0.00 ms.
Unloading 2667 Unused Serialized files (Serialized files now loaded: 0)
System memory in use before: 111.4 MB.
System memory in use after: 111.6 MB.

Unloading 9 unused Assets to reduce memory usage. Loaded Objects now: 3149.
Total: 1.779900 ms (FindLiveObjects: 0.193200 ms CreateObjectMapping: 0.126900 ms MarkObjects: 1.393700 ms  DeleteObjects: 0.065000 ms)

========================================================================
Received Prepare
Registering precompiled user dll's ...
Registered in 0.001374 seconds.
Begin MonoManager ReloadAssembly
Symbol file LoadedFromMemory doesn't match image Z:\DesktopU\UnityStuff\Unity Projects\BuildingsUpgrader\Library\PackageCache\com.unity.visualscripting@1.6.1\Editor\VisualScripting.Core\Dependencies\YamlDotNet\Unity.VisualScripting.YamlDotNet.dll
Symbol file LoadedFromMemory doesn't match image Z:\DesktopU\UnityStuff\Unity Projects\BuildingsUpgrader\Library\PackageCache\com.unity.visualscripting@1.6.1\Editor\VisualScripting.Core\Dependencies\DotNetZip\Unity.VisualScripting.IonicZip.dll
Native extension for WindowsStandalone target not found
Refreshing native plugins compatible for Editor in 0.46 ms, found 1 plugins.
Preloading 0 native plugins for Editor in 0.00 ms.
Mono: successfully reloaded assembly
- Completed reload, in  0.904 seconds
Platform modules already initialized, skipping
Refreshing native plugins compatible for Editor in 0.47 ms, found 1 plugins.
Preloading 0 native plugins for Editor in 0.00 ms.
Unloading 2667 Unused Serialized files (Serialized files now loaded: 0)
System memory in use before: 111.4 MB.
System memory in use after: 111.6 MB.

Unloading 9 unused Assets to reduce memory usage. Loaded Objects now: 3152.
Total: 2.176200 ms (FindLiveObjects: 0.290700 ms CreateObjectMapping: 0.172500 ms MarkObjects: 1.637600 ms  DeleteObjects: 0.074300 ms)

========================================================================
Received Prepare
Registering precompiled user dll's ...
Registered in 0.002502 seconds.
Begin MonoManager ReloadAssembly
Symbol file LoadedFromMemory doesn't match image Z:\DesktopU\UnityStuff\Unity Projects\BuildingsUpgrader\Library\PackageCache\com.unity.visualscripting@1.6.1\Editor\VisualScripting.Core\Dependencies\YamlDotNet\Unity.VisualScripting.YamlDotNet.dll
Symbol file LoadedFromMemory doesn't match image Z:\DesktopU\UnityStuff\Unity Projects\BuildingsUpgrader\Library\PackageCache\com.unity.visualscripting@1.6.1\Editor\VisualScripting.Core\Dependencies\DotNetZip\Unity.VisualScripting.IonicZip.dll
Native extension for WindowsStandalone target not found
Refreshing native plugins compatible for Editor in 0.53 ms, found 1 plugins.
Preloading 0 native plugins for Editor in 0.00 ms.
Mono: successfully reloaded assembly
- Completed reload, in  0.913 seconds
Platform modules already initialized, skipping
Refreshing native plugins compatible for Editor in 0.44 ms, found 1 plugins.
Preloading 0 native plugins for Editor in 0.00 ms.
Unloading 2667 Unused Serialized files (Serialized files now loaded: 0)
System memory in use before: 111.4 MB.
System memory in use after: 111.6 MB.

Unloading 9 unused Assets to reduce memory usage. Loaded Objects now: 3155.
Total: 2.001500 ms (FindLiveObjects: 0.193100 ms CreateObjectMapping: 0.125100 ms MarkObjects: 1.628900 ms  DeleteObjects: 0.052900 ms)

========================================================================
Received Prepare
Registering precompiled user dll's ...
Registered in 0.001408 seconds.
Begin MonoManager ReloadAssembly
Symbol file LoadedFromMemory doesn't match image Z:\DesktopU\UnityStuff\Unity Projects\BuildingsUpgrader\Library\PackageCache\com.unity.visualscripting@1.6.1\Editor\VisualScripting.Core\Dependencies\YamlDotNet\Unity.VisualScripting.YamlDotNet.dll
Symbol file LoadedFromMemory doesn't match image Z:\DesktopU\UnityStuff\Unity Projects\BuildingsUpgrader\Library\PackageCache\com.unity.visualscripting@1.6.1\Editor\VisualScripting.Core\Dependencies\DotNetZip\Unity.VisualScripting.IonicZip.dll
Native extension for WindowsStandalone target not found
Refreshing native plugins compatible for Editor in 0.48 ms, found 1 plugins.
Preloading 0 native plugins for Editor in 0.00 ms.
Mono: successfully reloaded assembly
- Completed reload, in  0.852 seconds
Platform modules already initialized, skipping
Refreshing native plugins compatible for Editor in 0.42 ms, found 1 plugins.
Preloading 0 native plugins for Editor in 0.00 ms.
Unloading 2667 Unused Serialized files (Serialized files now loaded: 0)
System memory in use before: 111.4 MB.
System memory in use after: 111.6 MB.

Unloading 9 unused Assets to reduce memory usage. Loaded Objects now: 3158.
Total: 1.798700 ms (FindLiveObjects: 0.178200 ms CreateObjectMapping: 0.108800 ms MarkObjects: 1.426600 ms  DeleteObjects: 0.084300 ms)

========================================================================
Received Import Request.
  Time since last request: 526.598072 seconds.
  path: Assets/Scripts/CameraControl.cs
  artifactKey: Guid(100daa8c2d41cad4b83765c7059b5562) Importer(815301076,1909f56bfc062723c751e8b465ee728b)
Start importing Assets/Scripts/CameraControl.cs using Guid(100daa8c2d41cad4b83765c7059b5562) Importer(815301076,1909f56bfc062723c751e8b465ee728b)  -> (artifact id: 'dbf4f9aab3659bbce330c12b257985ec') in 0.012743 seconds 
========================================================================
Received Prepare
Registering precompiled user dll's ...
Registered in 0.001339 seconds.
Begin MonoManager ReloadAssembly
Symbol file LoadedFromMemory doesn't match image Z:\DesktopU\UnityStuff\Unity Projects\BuildingsUpgrader\Library\PackageCache\com.unity.visualscripting@1.6.1\Editor\VisualScripting.Core\Dependencies\YamlDotNet\Unity.VisualScripting.YamlDotNet.dll
Symbol file LoadedFromMemory doesn't match image Z:\DesktopU\UnityStuff\Unity Projects\BuildingsUpgrader\Library\PackageCache\com.unity.visualscripting@1.6.1\Editor\VisualScripting.Core\Dependencies\DotNetZip\Unity.VisualScripting.IonicZip.dll
Native extension for WindowsStandalone target not found
Refreshing native plugins compatible for Editor in 0.43 ms, found 1 plugins.
Preloading 0 native plugins for Editor in 0.00 ms.
Mono: successfully reloaded assembly
- Completed reload, in  0.819 seconds
Platform modules already initialized, skipping
Refreshing native plugins compatible for Editor in 0.44 ms, found 1 plugins.
Preloading 0 native plugins for Editor in 0.00 ms.
Unloading 2666 Unused Serialized files (Serialized files now loaded: 0)
System memory in use before: 111.4 MB.
System memory in use after: 111.6 MB.

Unloading 10 unused Assets to reduce memory usage. Loaded Objects now: 3160.
Total: 1.727000 ms (FindLiveObjects: 0.203700 ms CreateObjectMapping: 0.126700 ms MarkObjects: 1.342500 ms  DeleteObjects: 0.052700 ms)

========================================================================
Received Prepare
Registering precompiled user dll's ...
Registered in 0.001902 seconds.
Begin MonoManager ReloadAssembly
Symbol file LoadedFromMemory doesn't match image Z:\DesktopU\UnityStuff\Unity Projects\BuildingsUpgrader\Library\PackageCache\com.unity.visualscripting@1.6.1\Editor\VisualScripting.Core\Dependencies\YamlDotNet\Unity.VisualScripting.YamlDotNet.dll
Symbol file LoadedFromMemory doesn't match image Z:\DesktopU\UnityStuff\Unity Projects\BuildingsUpgrader\Library\PackageCache\com.unity.visualscripting@1.6.1\Editor\VisualScripting.Core\Dependencies\DotNetZip\Unity.VisualScripting.IonicZip.dll
Native extension for WindowsStandalone target not found
Refreshing native plugins compatible for Editor in 0.60 ms, found 1 plugins.
Preloading 0 native plugins for Editor in 0.00 ms.
Mono: successfully reloaded assembly
- Completed reload, in  1.038 seconds
Platform modules already initialized, skipping
Refreshing native plugins compatible for Editor in 0.55 ms, found 1 plugins.
Preloading 0 native plugins for Editor in 0.00 ms.
Unloading 2666 Unused Serialized files (Serialized files now loaded: 0)
System memory in use before: 111.4 MB.
System memory in use after: 111.6 MB.

Unloading 9 unused Assets to reduce memory usage. Loaded Objects now: 3163.
Total: 2.388500 ms (FindLiveObjects: 0.198700 ms CreateObjectMapping: 0.119100 ms MarkObjects: 2.018300 ms  DeleteObjects: 0.051000 ms)

========================================================================
Received Prepare
Registering precompiled user dll's ...
Registered in 0.001397 seconds.
Begin MonoManager ReloadAssembly
Symbol file LoadedFromMemory doesn't match image Z:\DesktopU\UnityStuff\Unity Projects\BuildingsUpgrader\Library\PackageCache\com.unity.visualscripting@1.6.1\Editor\VisualScripting.Core\Dependencies\YamlDotNet\Unity.VisualScripting.YamlDotNet.dll
Symbol file LoadedFromMemory doesn't match image Z:\DesktopU\UnityStuff\Unity Projects\BuildingsUpgrader\Library\PackageCache\com.unity.visualscripting@1.6.1\Editor\VisualScripting.Core\Dependencies\DotNetZip\Unity.VisualScripting.IonicZip.dll
Native extension for WindowsStandalone target not found
Refreshing native plugins compatible for Editor in 0.49 ms, found 1 plugins.
Preloading 0 native plugins for Editor in 0.00 ms.
Mono: successfully reloaded assembly
- Completed reload, in  1.063 seconds
Platform modules already initialized, skipping
Refreshing native plugins compatible for Editor in 0.50 ms, found 1 plugins.
Preloading 0 native plugins for Editor in 0.00 ms.
Unloading 2666 Unused Serialized files (Serialized files now loaded: 0)
System memory in use before: 111.4 MB.
System memory in use after: 111.6 MB.

Unloading 9 unused Assets to reduce memory usage. Loaded Objects now: 3166.
Total: 2.590400 ms (FindLiveObjects: 0.301400 ms CreateObjectMapping: 0.333300 ms MarkObjects: 1.891900 ms  DeleteObjects: 0.062500 ms)

========================================================================
Received Prepare
Registering precompiled user dll's ...
Registered in 0.001556 seconds.
Begin MonoManager ReloadAssembly
Symbol file LoadedFromMemory doesn't match image Z:\DesktopU\UnityStuff\Unity Projects\BuildingsUpgrader\Library\PackageCache\com.unity.visualscripting@1.6.1\Editor\VisualScripting.Core\Dependencies\YamlDotNet\Unity.VisualScripting.YamlDotNet.dll
Symbol file LoadedFromMemory doesn't match image Z:\DesktopU\UnityStuff\Unity Projects\BuildingsUpgrader\Library\PackageCache\com.unity.visualscripting@1.6.1\Editor\VisualScripting.Core\Dependencies\DotNetZip\Unity.VisualScripting.IonicZip.dll
Native extension for WindowsStandalone target not found
Refreshing native plugins compatible for Editor in 0.90 ms, found 1 plugins.
Preloading 0 native plugins for Editor in 0.00 ms.
Mono: successfully reloaded assembly
- Completed reload, in  0.866 seconds
Platform modules already initialized, skipping
Refreshing native plugins compatible for Editor in 0.48 ms, found 1 plugins.
Preloading 0 native plugins for Editor in 0.00 ms.
Unloading 2666 Unused Serialized files (Serialized files now loaded: 0)
System memory in use before: 111.4 MB.
System memory in use after: 111.6 MB.

Unloading 9 unused Assets to reduce memory usage. Loaded Objects now: 3169.
Total: 2.537100 ms (FindLiveObjects: 0.204900 ms CreateObjectMapping: 0.131000 ms MarkObjects: 2.023500 ms  DeleteObjects: 0.176300 ms)

========================================================================
Received Import Request.
  Time since last request: 597.617119 seconds.
  path: Assets/Scripts/WorldBuilder.prefab
  artifactKey: Guid(b9c2aea747bcc7f448e05e7498cb8f8f) Importer(815301076,1909f56bfc062723c751e8b465ee728b)
Start importing Assets/Scripts/WorldBuilder.prefab using Guid(b9c2aea747bcc7f448e05e7498cb8f8f) Importer(815301076,1909f56bfc062723c751e8b465ee728b)  -> (artifact id: '7c979d2e0d73f042f175ffec109ff8ec') in 0.160474 seconds 
========================================================================
Received Prepare
Registering precompiled user dll's ...
Registered in 0.001369 seconds.
Begin MonoManager ReloadAssembly
Symbol file LoadedFromMemory doesn't match image Z:\DesktopU\UnityStuff\Unity Projects\BuildingsUpgrader\Library\PackageCache\com.unity.visualscripting@1.6.1\Editor\VisualScripting.Core\Dependencies\YamlDotNet\Unity.VisualScripting.YamlDotNet.dll
Symbol file LoadedFromMemory doesn't match image Z:\DesktopU\UnityStuff\Unity Projects\BuildingsUpgrader\Library\PackageCache\com.unity.visualscripting@1.6.1\Editor\VisualScripting.Core\Dependencies\DotNetZip\Unity.VisualScripting.IonicZip.dll
Native extension for WindowsStandalone target not found
Refreshing native plugins compatible for Editor in 0.42 ms, found 1 plugins.
Preloading 0 native plugins for Editor in 0.00 ms.
Mono: successfully reloaded assembly
- Completed reload, in  0.815 seconds
Platform modules already initialized, skipping
Refreshing native plugins compatible for Editor in 0.43 ms, found 1 plugins.
Preloading 0 native plugins for Editor in 0.00 ms.
Unloading 2666 Unused Serialized files (Serialized files now loaded: 0)
System memory in use before: 115.3 MB.
System memory in use after: 115.5 MB.

Unloading 12 unused Assets to reduce memory usage. Loaded Objects now: 3185.
Total: 1.817000 ms (FindLiveObjects: 0.199400 ms CreateObjectMapping: 0.124000 ms MarkObjects: 1.432900 ms  DeleteObjects: 0.059600 ms)

========================================================================
Received Prepare
Registering precompiled user dll's ...
Registered in 0.001322 seconds.
Begin MonoManager ReloadAssembly
Symbol file LoadedFromMemory doesn't match image Z:\DesktopU\UnityStuff\Unity Projects\BuildingsUpgrader\Library\PackageCache\com.unity.visualscripting@1.6.1\Editor\VisualScripting.Core\Dependencies\YamlDotNet\Unity.VisualScripting.YamlDotNet.dll
Symbol file LoadedFromMemory doesn't match image Z:\DesktopU\UnityStuff\Unity Projects\BuildingsUpgrader\Library\PackageCache\com.unity.visualscripting@1.6.1\Editor\VisualScripting.Core\Dependencies\DotNetZip\Unity.VisualScripting.IonicZip.dll
Native extension for WindowsStandalone target not found
Refreshing native plugins compatible for Editor in 0.43 ms, found 1 plugins.
Preloading 0 native plugins for Editor in 0.00 ms.
Mono: successfully reloaded assembly
- Completed reload, in  0.799 seconds
Platform modules already initialized, skipping
Refreshing native plugins compatible for Editor in 0.46 ms, found 1 plugins.
Preloading 0 native plugins for Editor in 0.00 ms.
Unloading 2666 Unused Serialized files (Serialized files now loaded: 0)
System memory in use before: 115.3 MB.
System memory in use after: 115.5 MB.

Unloading 9 unused Assets to reduce memory usage. Loaded Objects now: 3188.
Total: 2.103600 ms (FindLiveObjects: 0.188200 ms CreateObjectMapping: 0.109700 ms MarkObjects: 1.742400 ms  DeleteObjects: 0.062500 ms)

========================================================================
Received Prepare
Registering precompiled user dll's ...
Registered in 0.001306 seconds.
Begin MonoManager ReloadAssembly
Symbol file LoadedFromMemory doesn't match image Z:\DesktopU\UnityStuff\Unity Projects\BuildingsUpgrader\Library\PackageCache\com.unity.visualscripting@1.6.1\Editor\VisualScripting.Core\Dependencies\YamlDotNet\Unity.VisualScripting.YamlDotNet.dll
Symbol file LoadedFromMemory doesn't match image Z:\DesktopU\UnityStuff\Unity Projects\BuildingsUpgrader\Library\PackageCache\com.unity.visualscripting@1.6.1\Editor\VisualScripting.Core\Dependencies\DotNetZip\Unity.VisualScripting.IonicZip.dll
Native extension for WindowsStandalone target not found
Refreshing native plugins compatible for Editor in 0.46 ms, found 1 plugins.
Preloading 0 native plugins for Editor in 0.00 ms.
Mono: successfully reloaded assembly
- Completed reload, in  0.820 seconds
Platform modules already initialized, skipping
Refreshing native plugins compatible for Editor in 0.42 ms, found 1 plugins.
Preloading 0 native plugins for Editor in 0.00 ms.
Unloading 2666 Unused Serialized files (Serialized files now loaded: 0)
System memory in use before: 115.3 MB.
System memory in use after: 115.5 MB.

Unloading 9 unused Assets to reduce memory usage. Loaded Objects now: 3191.
Total: 1.884100 ms (FindLiveObjects: 0.185000 ms CreateObjectMapping: 0.105100 ms MarkObjects: 1.491600 ms  DeleteObjects: 0.101600 ms)

========================================================================
Received Prepare
Registering precompiled user dll's ...
Registered in 0.001618 seconds.
Begin MonoManager ReloadAssembly
Symbol file LoadedFromMemory doesn't match image Z:\DesktopU\UnityStuff\Unity Projects\BuildingsUpgrader\Library\PackageCache\com.unity.visualscripting@1.6.1\Editor\VisualScripting.Core\Dependencies\YamlDotNet\Unity.VisualScripting.YamlDotNet.dll
Symbol file LoadedFromMemory doesn't match image Z:\DesktopU\UnityStuff\Unity Projects\BuildingsUpgrader\Library\PackageCache\com.unity.visualscripting@1.6.1\Editor\VisualScripting.Core\Dependencies\DotNetZip\Unity.VisualScripting.IonicZip.dll
Native extension for WindowsStandalone target not found
Refreshing native plugins compatible for Editor in 0.62 ms, found 1 plugins.
Preloading 0 native plugins for Editor in 0.00 ms.
Mono: successfully reloaded assembly
- Completed reload, in  0.820 seconds
Platform modules already initialized, skipping
Refreshing native plugins compatible for Editor in 0.43 ms, found 1 plugins.
Preloading 0 native plugins for Editor in 0.00 ms.
Unloading 2666 Unused Serialized files (Serialized files now loaded: 0)
System memory in use before: 115.3 MB.
System memory in use after: 115.5 MB.

Unloading 9 unused Assets to reduce memory usage. Loaded Objects now: 3194.
Total: 2.080800 ms (FindLiveObjects: 0.224000 ms CreateObjectMapping: 0.130300 ms MarkObjects: 1.660500 ms  DeleteObjects: 0.064500 ms)

========================================================================
Received Prepare
Registering precompiled user dll's ...
Registered in 0.001331 seconds.
Begin MonoManager ReloadAssembly
Symbol file LoadedFromMemory doesn't match image Z:\DesktopU\UnityStuff\Unity Projects\BuildingsUpgrader\Library\PackageCache\com.unity.visualscripting@1.6.1\Editor\VisualScripting.Core\Dependencies\YamlDotNet\Unity.VisualScripting.YamlDotNet.dll
Symbol file LoadedFromMemory doesn't match image Z:\DesktopU\UnityStuff\Unity Projects\BuildingsUpgrader\Library\PackageCache\com.unity.visualscripting@1.6.1\Editor\VisualScripting.Core\Dependencies\DotNetZip\Unity.VisualScripting.IonicZip.dll
Native extension for WindowsStandalone target not found
Refreshing native plugins compatible for Editor in 0.43 ms, found 1 plugins.
Preloading 0 native plugins for Editor in 0.00 ms.
Mono: successfully reloaded assembly
- Completed reload, in  0.792 seconds
Platform modules already initialized, skipping
Refreshing native plugins compatible for Editor in 0.58 ms, found 1 plugins.
Preloading 0 native plugins for Editor in 0.00 ms.
Unloading 2666 Unused Serialized files (Serialized files now loaded: 0)
System memory in use before: 115.3 MB.
System memory in use after: 115.5 MB.

Unloading 9 unused Assets to reduce memory usage. Loaded Objects now: 3197.
Total: 1.903600 ms (FindLiveObjects: 0.195900 ms CreateObjectMapping: 0.110600 ms MarkObjects: 1.532200 ms  DeleteObjects: 0.063900 ms)

========================================================================
Received Prepare
Registering precompiled user dll's ...
Registered in 0.001497 seconds.
Begin MonoManager ReloadAssembly
Symbol file LoadedFromMemory doesn't match image Z:\DesktopU\UnityStuff\Unity Projects\BuildingsUpgrader\Library\PackageCache\com.unity.visualscripting@1.6.1\Editor\VisualScripting.Core\Dependencies\YamlDotNet\Unity.VisualScripting.YamlDotNet.dll
Symbol file LoadedFromMemory doesn't match image Z:\DesktopU\UnityStuff\Unity Projects\BuildingsUpgrader\Library\PackageCache\com.unity.visualscripting@1.6.1\Editor\VisualScripting.Core\Dependencies\DotNetZip\Unity.VisualScripting.IonicZip.dll
Native extension for WindowsStandalone target not found
Refreshing native plugins compatible for Editor in 0.41 ms, found 1 plugins.
Preloading 0 native plugins for Editor in 0.00 ms.
Mono: successfully reloaded assembly
- Completed reload, in  0.795 seconds
Platform modules already initialized, skipping
Refreshing native plugins compatible for Editor in 0.43 ms, found 1 plugins.
Preloading 0 native plugins for Editor in 0.00 ms.
Unloading 2666 Unused Serialized files (Serialized files now loaded: 0)
System memory in use before: 115.3 MB.
System memory in use after: 115.5 MB.

Unloading 9 unused Assets to reduce memory usage. Loaded Objects now: 3200.
Total: 2.408900 ms (FindLiveObjects: 0.202000 ms CreateObjectMapping: 0.119700 ms MarkObjects: 2.006800 ms  DeleteObjects: 0.079000 ms)

========================================================================
Received Prepare
Registering precompiled user dll's ...
Registered in 0.001523 seconds.
Begin MonoManager ReloadAssembly
Symbol file LoadedFromMemory doesn't match image Z:\DesktopU\UnityStuff\Unity Projects\BuildingsUpgrader\Library\PackageCache\com.unity.visualscripting@1.6.1\Editor\VisualScripting.Core\Dependencies\YamlDotNet\Unity.VisualScripting.YamlDotNet.dll
Symbol file LoadedFromMemory doesn't match image Z:\DesktopU\UnityStuff\Unity Projects\BuildingsUpgrader\Library\PackageCache\com.unity.visualscripting@1.6.1\Editor\VisualScripting.Core\Dependencies\DotNetZip\Unity.VisualScripting.IonicZip.dll
Native extension for WindowsStandalone target not found
Refreshing native plugins compatible for Editor in 0.55 ms, found 1 plugins.
Preloading 0 native plugins for Editor in 0.00 ms.
Mono: successfully reloaded assembly
- Completed reload, in  0.765 seconds
Platform modules already initialized, skipping
Refreshing native plugins compatible for Editor in 0.46 ms, found 1 plugins.
Preloading 0 native plugins for Editor in 0.00 ms.
Unloading 2666 Unused Serialized files (Serialized files now loaded: 0)
System memory in use before: 115.3 MB.
System memory in use after: 115.5 MB.

Unloading 9 unused Assets to reduce memory usage. Loaded Objects now: 3203.
Total: 1.916000 ms (FindLiveObjects: 0.182600 ms CreateObjectMapping: 0.102700 ms MarkObjects: 1.548500 ms  DeleteObjects: 0.081600 ms)

========================================================================
Received Import Request.
  Time since last request: 2397.325438 seconds.
  path: Assets/Prefabs/BuildingMenu 1.prefab
  artifactKey: Guid(3e3c70642b619344eb9a786b6b24838b) Importer(815301076,1909f56bfc062723c751e8b465ee728b)
Start importing Assets/Prefabs/BuildingMenu 1.prefab using Guid(3e3c70642b619344eb9a786b6b24838b) Importer(815301076,1909f56bfc062723c751e8b465ee728b)  -> (artifact id: 'ab5906481bc0c2aa368e7171dad7dfa5') in 0.058124 seconds 
========================================================================
Received Import Request.
  Time since last request: 13.801153 seconds.
  path: Assets/Prefabs/BuildingMenu 1.prefab
  artifactKey: Guid(3e3c70642b619344eb9a786b6b24838b) Importer(815301076,1909f56bfc062723c751e8b465ee728b)
Start importing Assets/Prefabs/BuildingMenu 1.prefab using Guid(3e3c70642b619344eb9a786b6b24838b) Importer(815301076,1909f56bfc062723c751e8b465ee728b)  -> (artifact id: '2f2a4f5d2af2296accdf35f71fa73adb') in 0.008672 seconds 
========================================================================
Received Import Request.
  Time since last request: 0.585102 seconds.
  path: Assets/Prefabs/BuildingMenu 1.prefab
  artifactKey: Guid(3e3c70642b619344eb9a786b6b24838b) Importer(815301076,1909f56bfc062723c751e8b465ee728b)
Start importing Assets/Prefabs/BuildingMenu 1.prefab using Guid(3e3c70642b619344eb9a786b6b24838b) Importer(815301076,1909f56bfc062723c751e8b465ee728b)  -> (artifact id: 'e9db027d1d41cb5866e8689ecec8d52a') in 0.006714 seconds 
========================================================================
Received Import Request.
  Time since last request: 14.787766 seconds.
  path: Assets/Prefabs/BuildingMenu 1.prefab
  artifactKey: Guid(3e3c70642b619344eb9a786b6b24838b) Importer(815301076,1909f56bfc062723c751e8b465ee728b)
Start importing Assets/Prefabs/BuildingMenu 1.prefab using Guid(3e3c70642b619344eb9a786b6b24838b) Importer(815301076,1909f56bfc062723c751e8b465ee728b)  -> (artifact id: 'f095ab491836236461913e696ca41c2c') in 0.023172 seconds 
========================================================================
Received Import Request.
  Time since last request: 13.481529 seconds.
  path: Assets/Prefabs/BuildingMenu 1.prefab
  artifactKey: Guid(3e3c70642b619344eb9a786b6b24838b) Importer(815301076,1909f56bfc062723c751e8b465ee728b)
Start importing Assets/Prefabs/BuildingMenu 1.prefab using Guid(3e3c70642b619344eb9a786b6b24838b) Importer(815301076,1909f56bfc062723c751e8b465ee728b)  -> (artifact id: 'd064e309697b9650b662307505c88fac') in 0.007903 seconds 
========================================================================
Received Import Request.
  Time since last request: 51.694636 seconds.
  path: Assets/Prefabs/BuildingMenu 1.prefab
  artifactKey: Guid(3e3c70642b619344eb9a786b6b24838b) Importer(815301076,1909f56bfc062723c751e8b465ee728b)
Start importing Assets/Prefabs/BuildingMenu 1.prefab using Guid(3e3c70642b619344eb9a786b6b24838b) Importer(815301076,1909f56bfc062723c751e8b465ee728b)  -> (artifact id: 'ac862f493405122a453b1527fda15891') in 0.008614 seconds 
========================================================================
Received Import Request.
  Time since last request: 5.846007 seconds.
  path: Assets/Prefabs/BuildingMenu 1.prefab
  artifactKey: Guid(3e3c70642b619344eb9a786b6b24838b) Importer(815301076,1909f56bfc062723c751e8b465ee728b)
Start importing Assets/Prefabs/BuildingMenu 1.prefab using Guid(3e3c70642b619344eb9a786b6b24838b) Importer(815301076,1909f56bfc062723c751e8b465ee728b)  -> (artifact id: '0863228b64e37efbc57099592e151bcf') in 0.007615 seconds 
========================================================================
Received Import Request.
  Time since last request: 2.805959 seconds.
  path: Assets/Prefabs/BuildingMenu 1.prefab
  artifactKey: Guid(3e3c70642b619344eb9a786b6b24838b) Importer(815301076,1909f56bfc062723c751e8b465ee728b)
Start importing Assets/Prefabs/BuildingMenu 1.prefab using Guid(3e3c70642b619344eb9a786b6b24838b) Importer(815301076,1909f56bfc062723c751e8b465ee728b)  -> (artifact id: 'c5c207f2813494561f975c1bed37c9f6') in 0.007871 seconds 
========================================================================
Received Import Request.
  Time since last request: 6.437261 seconds.
  path: Assets/Prefabs/BuildingMenu 1.prefab
  artifactKey: Guid(3e3c70642b619344eb9a786b6b24838b) Importer(815301076,1909f56bfc062723c751e8b465ee728b)
Start importing Assets/Prefabs/BuildingMenu 1.prefab using Guid(3e3c70642b619344eb9a786b6b24838b) Importer(815301076,1909f56bfc062723c751e8b465ee728b)  -> (artifact id: '748e66dba4ca8359988793354f25623b') in 0.007099 seconds 
========================================================================
Received Import Request.
  Time since last request: 10.469038 seconds.
  path: Assets/Prefabs/BuildingMenu 1.prefab
  artifactKey: Guid(3e3c70642b619344eb9a786b6b24838b) Importer(815301076,1909f56bfc062723c751e8b465ee728b)
Start importing Assets/Prefabs/BuildingMenu 1.prefab using Guid(3e3c70642b619344eb9a786b6b24838b) Importer(815301076,1909f56bfc062723c751e8b465ee728b)  -> (artifact id: 'ae99f679dff1a9a226c0cdc60e0b8161') in 0.007268 seconds 
========================================================================
Received Import Request.
  Time since last request: 37.778016 seconds.
  path: Assets/Prefabs/BuildingMenu 1.prefab
  artifactKey: Guid(3e3c70642b619344eb9a786b6b24838b) Importer(815301076,1909f56bfc062723c751e8b465ee728b)
Start importing Assets/Prefabs/BuildingMenu 1.prefab using Guid(3e3c70642b619344eb9a786b6b24838b) Importer(815301076,1909f56bfc062723c751e8b465ee728b)  -> (artifact id: '6147a2f5e77a038c6664ba63ff3ccbc8') in 0.009312 seconds 
========================================================================
Received Prepare
Registering precompiled user dll's ...
Registered in 0.001378 seconds.
Begin MonoManager ReloadAssembly
Symbol file LoadedFromMemory doesn't match image Z:\DesktopU\UnityStuff\Unity Projects\BuildingsUpgrader\Library\PackageCache\com.unity.visualscripting@1.6.1\Editor\VisualScripting.Core\Dependencies\YamlDotNet\Unity.VisualScripting.YamlDotNet.dll
Symbol file LoadedFromMemory doesn't match image Z:\DesktopU\UnityStuff\Unity Projects\BuildingsUpgrader\Library\PackageCache\com.unity.visualscripting@1.6.1\Editor\VisualScripting.Core\Dependencies\DotNetZip\Unity.VisualScripting.IonicZip.dll
Native extension for WindowsStandalone target not found
Refreshing native plugins compatible for Editor in 0.46 ms, found 1 plugins.
Preloading 0 native plugins for Editor in 0.00 ms.
Mono: successfully reloaded assembly
- Completed reload, in  0.810 seconds
Platform modules already initialized, skipping
Refreshing native plugins compatible for Editor in 0.52 ms, found 1 plugins.
Preloading 0 native plugins for Editor in 0.00 ms.
Unloading 2666 Unused Serialized files (Serialized files now loaded: 0)
System memory in use before: 115.3 MB.
System memory in use after: 115.5 MB.

Unloading 14 unused Assets to reduce memory usage. Loaded Objects now: 3206.
Total: 2.144400 ms (FindLiveObjects: 0.189500 ms CreateObjectMapping: 0.122600 ms MarkObjects: 1.736200 ms  DeleteObjects: 0.094900 ms)

========================================================================
Received Import Request.
  Time since last request: 210.449460 seconds.
  path: Assets/Prefabs/BuildingMenu 2.0.prefab
  artifactKey: Guid(3e3c70642b619344eb9a786b6b24838b) Importer(815301076,1909f56bfc062723c751e8b465ee728b)
Start importing Assets/Prefabs/BuildingMenu 2.0.prefab using Guid(3e3c70642b619344eb9a786b6b24838b) Importer(815301076,1909f56bfc062723c751e8b465ee728b)  -> (artifact id: '0be63c6bf79ccfacc30f9aba9e7c1d38') in 0.055837 seconds 
========================================================================
Received Import Request.
  Time since last request: 112.579466 seconds.
  path: Assets/Prefabs/BuildingMenu 2.0.prefab
  artifactKey: Guid(3e3c70642b619344eb9a786b6b24838b) Importer(815301076,1909f56bfc062723c751e8b465ee728b)
Start importing Assets/Prefabs/BuildingMenu 2.0.prefab using Guid(3e3c70642b619344eb9a786b6b24838b) Importer(815301076,1909f56bfc062723c751e8b465ee728b)  -> (artifact id: '00a28e631803784338e9a0e7b9e0ce67') in 0.009031 seconds 
========================================================================
Received Import Request.
  Time since last request: 6.030275 seconds.
  path: Assets/Prefabs/BuildingMenu 2.0.prefab
  artifactKey: Guid(3e3c70642b619344eb9a786b6b24838b) Importer(815301076,1909f56bfc062723c751e8b465ee728b)
Start importing Assets/Prefabs/BuildingMenu 2.0.prefab using Guid(3e3c70642b619344eb9a786b6b24838b) Importer(815301076,1909f56bfc062723c751e8b465ee728b)  -> (artifact id: '568abf76a7205f79a3ebc637eb41438e') in 0.008359 seconds 
========================================================================
Received Import Request.
  Time since last request: 17.589335 seconds.
  path: Assets/Prefabs/BuildingMenu 2.0.prefab
  artifactKey: Guid(3e3c70642b619344eb9a786b6b24838b) Importer(815301076,1909f56bfc062723c751e8b465ee728b)
Start importing Assets/Prefabs/BuildingMenu 2.0.prefab using Guid(3e3c70642b619344eb9a786b6b24838b) Importer(815301076,1909f56bfc062723c751e8b465ee728b)  -> (artifact id: '2d2fc8bbbe163a7fe1b8034ebf327937') in 0.009119 seconds 
========================================================================
Received Import Request.
  Time since last request: 0.984414 seconds.
  path: Assets/Prefabs/BuildingMenu 2.0.prefab
  artifactKey: Guid(3e3c70642b619344eb9a786b6b24838b) Importer(815301076,1909f56bfc062723c751e8b465ee728b)
Start importing Assets/Prefabs/BuildingMenu 2.0.prefab using Guid(3e3c70642b619344eb9a786b6b24838b) Importer(815301076,1909f56bfc062723c751e8b465ee728b)  -> (artifact id: '761b6a621d219fd65bf87243e338ed7d') in 0.009058 seconds 
========================================================================
Received Import Request.
  Time since last request: 6.059800 seconds.
  path: Assets/Prefabs/BuildingMenu 2.0.prefab
  artifactKey: Guid(3e3c70642b619344eb9a786b6b24838b) Importer(815301076,1909f56bfc062723c751e8b465ee728b)
Start importing Assets/Prefabs/BuildingMenu 2.0.prefab using Guid(3e3c70642b619344eb9a786b6b24838b) Importer(815301076,1909f56bfc062723c751e8b465ee728b)  -> (artifact id: '9bbcbb5806842c3a036a2d16c32d1bcc') in 0.007381 seconds 
========================================================================
Received Import Request.
  Time since last request: 46.947462 seconds.
  path: Assets/Prefabs/BuildingMenu 2.0.prefab
  artifactKey: Guid(3e3c70642b619344eb9a786b6b24838b) Importer(815301076,1909f56bfc062723c751e8b465ee728b)
Start importing Assets/Prefabs/BuildingMenu 2.0.prefab using Guid(3e3c70642b619344eb9a786b6b24838b) Importer(815301076,1909f56bfc062723c751e8b465ee728b)  -> (artifact id: '790b2da9457dd14de44b975c59637b9f') in 0.009251 seconds 
========================================================================
Received Import Request.
  Time since last request: 4.456073 seconds.
  path: Assets/Prefabs/BuildingMenu 2.0.prefab
  artifactKey: Guid(3e3c70642b619344eb9a786b6b24838b) Importer(815301076,1909f56bfc062723c751e8b465ee728b)
Start importing Assets/Prefabs/BuildingMenu 2.0.prefab using Guid(3e3c70642b619344eb9a786b6b24838b) Importer(815301076,1909f56bfc062723c751e8b465ee728b)  -> (artifact id: '716a73a8fcae9d39a38381f2d01a4f92') in 0.008499 seconds 
========================================================================
Received Prepare
Registering precompiled user dll's ...
Registered in 0.001543 seconds.
Begin MonoManager ReloadAssembly
Symbol file LoadedFromMemory doesn't match image Z:\DesktopU\UnityStuff\Unity Projects\BuildingsUpgrader\Library\PackageCache\com.unity.visualscripting@1.6.1\Editor\VisualScripting.Core\Dependencies\YamlDotNet\Unity.VisualScripting.YamlDotNet.dll
Symbol file LoadedFromMemory doesn't match image Z:\DesktopU\UnityStuff\Unity Projects\BuildingsUpgrader\Library\PackageCache\com.unity.visualscripting@1.6.1\Editor\VisualScripting.Core\Dependencies\DotNetZip\Unity.VisualScripting.IonicZip.dll
Native extension for WindowsStandalone target not found
Refreshing native plugins compatible for Editor in 0.43 ms, found 1 plugins.
Preloading 0 native plugins for Editor in 0.00 ms.
Mono: successfully reloaded assembly
- Completed reload, in  0.797 seconds
Platform modules already initialized, skipping
Refreshing native plugins compatible for Editor in 0.50 ms, found 1 plugins.
Preloading 0 native plugins for Editor in 0.00 ms.
Unloading 2666 Unused Serialized files (Serialized files now loaded: 0)
System memory in use before: 115.3 MB.
System memory in use after: 115.5 MB.

Unloading 14 unused Assets to reduce memory usage. Loaded Objects now: 3209.
Total: 1.992800 ms (FindLiveObjects: 0.205300 ms CreateObjectMapping: 0.121100 ms MarkObjects: 1.602900 ms  DeleteObjects: 0.062400 ms)

========================================================================
Received Import Request.
  Time since last request: 355.568283 seconds.
  path: Assets/Prefabs/BuildingMenu 2.0.prefab
  artifactKey: Guid(3e3c70642b619344eb9a786b6b24838b) Importer(815301076,1909f56bfc062723c751e8b465ee728b)
Start importing Assets/Prefabs/BuildingMenu 2.0.prefab using Guid(3e3c70642b619344eb9a786b6b24838b) Importer(815301076,1909f56bfc062723c751e8b465ee728b)  -> (artifact id: 'b31e5062eda4b7f2cbf1032a8f863ed8') in 0.054711 seconds 
========================================================================
Received Import Request.
  Time since last request: 10.799144 seconds.
  path: Assets/Prefabs/Cell.prefab
  artifactKey: Guid(7bc5622d1feba2140b88f6f55cd2340f) Importer(815301076,1909f56bfc062723c751e8b465ee728b)
Start importing Assets/Prefabs/Cell.prefab using Guid(7bc5622d1feba2140b88f6f55cd2340f) Importer(815301076,1909f56bfc062723c751e8b465ee728b)  -> (artifact id: '8f2da5a5198765f23af812fcac5b1146') in 0.082454 seconds 
========================================================================
Received Import Request.
  Time since last request: 28.025059 seconds.
  path: Assets/Prefabs/BuildingMenu 2.0.prefab
  artifactKey: Guid(3e3c70642b619344eb9a786b6b24838b) Importer(815301076,1909f56bfc062723c751e8b465ee728b)
Start importing Assets/Prefabs/BuildingMenu 2.0.prefab using Guid(3e3c70642b619344eb9a786b6b24838b) Importer(815301076,1909f56bfc062723c751e8b465ee728b)  -> (artifact id: 'c8431670e0bd7110b07b4a62b856b368') in 0.008491 seconds 
========================================================================
Received Import Request.
  Time since last request: 10.709894 seconds.
  path: Assets/Prefabs/BuildingMenu 2.0.prefab
  artifactKey: Guid(3e3c70642b619344eb9a786b6b24838b) Importer(815301076,1909f56bfc062723c751e8b465ee728b)
Start importing Assets/Prefabs/BuildingMenu 2.0.prefab using Guid(3e3c70642b619344eb9a786b6b24838b) Importer(815301076,1909f56bfc062723c751e8b465ee728b)  -> (artifact id: '6369f602f6ced472aa7e02ae62908dd8') in 0.010678 seconds 
========================================================================
Received Prepare
Registering precompiled user dll's ...
Registered in 0.001307 seconds.
Begin MonoManager ReloadAssembly
Symbol file LoadedFromMemory doesn't match image Z:\DesktopU\UnityStuff\Unity Projects\BuildingsUpgrader\Library\PackageCache\com.unity.visualscripting@1.6.1\Editor\VisualScripting.Core\Dependencies\YamlDotNet\Unity.VisualScripting.YamlDotNet.dll
Symbol file LoadedFromMemory doesn't match image Z:\DesktopU\UnityStuff\Unity Projects\BuildingsUpgrader\Library\PackageCache\com.unity.visualscripting@1.6.1\Editor\VisualScripting.Core\Dependencies\DotNetZip\Unity.VisualScripting.IonicZip.dll
Native extension for WindowsStandalone target not found
Refreshing native plugins compatible for Editor in 0.52 ms, found 1 plugins.
Preloading 0 native plugins for Editor in 0.00 ms.
Mono: successfully reloaded assembly
- Completed reload, in  0.862 seconds
Platform modules already initialized, skipping
Refreshing native plugins compatible for Editor in 0.42 ms, found 1 plugins.
Preloading 0 native plugins for Editor in 0.00 ms.
Unloading 2666 Unused Serialized files (Serialized files now loaded: 0)
System memory in use before: 115.4 MB.
System memory in use after: 115.5 MB.

Unloading 14 unused Assets to reduce memory usage. Loaded Objects now: 3213.
Total: 2.245700 ms (FindLiveObjects: 0.215700 ms CreateObjectMapping: 0.203700 ms MarkObjects: 1.709100 ms  DeleteObjects: 0.116300 ms)

========================================================================
Received Import Request.
  Time since last request: 57.381739 seconds.
  path: Assets/Prefabs/BuildingMenu 2.0.prefab
  artifactKey: Guid(3e3c70642b619344eb9a786b6b24838b) Importer(815301076,1909f56bfc062723c751e8b465ee728b)
Start importing Assets/Prefabs/BuildingMenu 2.0.prefab using Guid(3e3c70642b619344eb9a786b6b24838b) Importer(815301076,1909f56bfc062723c751e8b465ee728b)  -> (artifact id: '3bff284e402c4bb35e3726cb5b57b868') in 0.056573 seconds 
========================================================================
Received Import Request.
  Time since last request: 68.011523 seconds.
  path: Assets/Prefabs/BuildingMenu 2.0.prefab
  artifactKey: Guid(3e3c70642b619344eb9a786b6b24838b) Importer(815301076,1909f56bfc062723c751e8b465ee728b)
Start importing Assets/Prefabs/BuildingMenu 2.0.prefab using Guid(3e3c70642b619344eb9a786b6b24838b) Importer(815301076,1909f56bfc062723c751e8b465ee728b)  -> (artifact id: '27a22ad3b45a497411293f00804125fc') in 0.005701 seconds 
========================================================================
Received Prepare
Registering precompiled user dll's ...
Registered in 0.001308 seconds.
Begin MonoManager ReloadAssembly
Symbol file LoadedFromMemory doesn't match image Z:\DesktopU\UnityStuff\Unity Projects\BuildingsUpgrader\Library\PackageCache\com.unity.visualscripting@1.6.1\Editor\VisualScripting.Core\Dependencies\YamlDotNet\Unity.VisualScripting.YamlDotNet.dll
Symbol file LoadedFromMemory doesn't match image Z:\DesktopU\UnityStuff\Unity Projects\BuildingsUpgrader\Library\PackageCache\com.unity.visualscripting@1.6.1\Editor\VisualScripting.Core\Dependencies\DotNetZip\Unity.VisualScripting.IonicZip.dll
Native extension for WindowsStandalone target not found
Refreshing native plugins compatible for Editor in 0.44 ms, found 1 plugins.
Preloading 0 native plugins for Editor in 0.00 ms.
Mono: successfully reloaded assembly
- Completed reload, in  0.875 seconds
Platform modules already initialized, skipping
Refreshing native plugins compatible for Editor in 0.42 ms, found 1 plugins.
Preloading 0 native plugins for Editor in 0.00 ms.
Unloading 2666 Unused Serialized files (Serialized files now loaded: 0)
System memory in use before: 115.4 MB.
System memory in use after: 115.6 MB.

Unloading 14 unused Assets to reduce memory usage. Loaded Objects now: 3216.
Total: 2.012600 ms (FindLiveObjects: 0.225500 ms CreateObjectMapping: 0.127500 ms MarkObjects: 1.564700 ms  DeleteObjects: 0.094000 ms)

========================================================================
Received Prepare
Registering precompiled user dll's ...
Registered in 0.001460 seconds.
Begin MonoManager ReloadAssembly
Symbol file LoadedFromMemory doesn't match image Z:\DesktopU\UnityStuff\Unity Projects\BuildingsUpgrader\Library\PackageCache\com.unity.visualscripting@1.6.1\Editor\VisualScripting.Core\Dependencies\YamlDotNet\Unity.VisualScripting.YamlDotNet.dll
Symbol file LoadedFromMemory doesn't match image Z:\DesktopU\UnityStuff\Unity Projects\BuildingsUpgrader\Library\PackageCache\com.unity.visualscripting@1.6.1\Editor\VisualScripting.Core\Dependencies\DotNetZip\Unity.VisualScripting.IonicZip.dll
Native extension for WindowsStandalone target not found
Refreshing native plugins compatible for Editor in 0.42 ms, found 1 plugins.
Preloading 0 native plugins for Editor in 0.00 ms.
Mono: successfully reloaded assembly
- Completed reload, in  0.801 seconds
Platform modules already initialized, skipping
Refreshing native plugins compatible for Editor in 1.00 ms, found 1 plugins.
Preloading 0 native plugins for Editor in 0.00 ms.
Unloading 2666 Unused Serialized files (Serialized files now loaded: 0)
System memory in use before: 115.4 MB.
System memory in use after: 115.6 MB.

Unloading 9 unused Assets to reduce memory usage. Loaded Objects now: 3219.
Total: 1.965700 ms (FindLiveObjects: 0.196300 ms CreateObjectMapping: 0.119600 ms MarkObjects: 1.583900 ms  DeleteObjects: 0.064800 ms)

========================================================================
Received Import Request.
  Time since last request: 209.455393 seconds.
  path: Assets/Prefabs/BuildingMenu 2.0.prefab
  artifactKey: Guid(3e3c70642b619344eb9a786b6b24838b) Importer(815301076,1909f56bfc062723c751e8b465ee728b)
Start importing Assets/Prefabs/BuildingMenu 2.0.prefab using Guid(3e3c70642b619344eb9a786b6b24838b) Importer(815301076,1909f56bfc062723c751e8b465ee728b)  -> (artifact id: '0fc55a3b204f5079b19ad04c656ad9c9') in 0.066436 seconds 
========================================================================
Received Prepare
Registering precompiled user dll's ...
Registered in 0.001432 seconds.
Begin MonoManager ReloadAssembly
Symbol file LoadedFromMemory doesn't match image Z:\DesktopU\UnityStuff\Unity Projects\BuildingsUpgrader\Library\PackageCache\com.unity.visualscripting@1.6.1\Editor\VisualScripting.Core\Dependencies\YamlDotNet\Unity.VisualScripting.YamlDotNet.dll
Symbol file LoadedFromMemory doesn't match image Z:\DesktopU\UnityStuff\Unity Projects\BuildingsUpgrader\Library\PackageCache\com.unity.visualscripting@1.6.1\Editor\VisualScripting.Core\Dependencies\DotNetZip\Unity.VisualScripting.IonicZip.dll
Native extension for WindowsStandalone target not found
Refreshing native plugins compatible for Editor in 0.42 ms, found 1 plugins.
Preloading 0 native plugins for Editor in 0.00 ms.
Mono: successfully reloaded assembly
- Completed reload, in  0.847 seconds
Platform modules already initialized, skipping
Refreshing native plugins compatible for Editor in 0.42 ms, found 1 plugins.
Preloading 0 native plugins for Editor in 0.00 ms.
Unloading 2666 Unused Serialized files (Serialized files now loaded: 0)
System memory in use before: 115.4 MB.
System memory in use after: 115.6 MB.

Unloading 14 unused Assets to reduce memory usage. Loaded Objects now: 3222.
Total: 1.938000 ms (FindLiveObjects: 0.185600 ms CreateObjectMapping: 0.116900 ms MarkObjects: 1.539700 ms  DeleteObjects: 0.095100 ms)

========================================================================
Received Import Request.
  Time since last request: 138.675693 seconds.
  path: Assets/Prefabs/BuildingMenu 2.0.prefab
  artifactKey: Guid(3e3c70642b619344eb9a786b6b24838b) Importer(815301076,1909f56bfc062723c751e8b465ee728b)
Start importing Assets/Prefabs/BuildingMenu 2.0.prefab using Guid(3e3c70642b619344eb9a786b6b24838b) Importer(815301076,1909f56bfc062723c751e8b465ee728b)  -> (artifact id: '9cdbea23aba4dedaa4249db5d4bb23a0') in 0.071710 seconds 
========================================================================
Received Import Request.
  Time since last request: 3.124903 seconds.
  path: Assets/Prefabs/BuildingMenu 2.0.prefab
  artifactKey: Guid(3e3c70642b619344eb9a786b6b24838b) Importer(815301076,1909f56bfc062723c751e8b465ee728b)
Start importing Assets/Prefabs/BuildingMenu 2.0.prefab using Guid(3e3c70642b619344eb9a786b6b24838b) Importer(815301076,1909f56bfc062723c751e8b465ee728b)  -> (artifact id: '856c411ed1f515739be2ce4424d40d07') in 0.010070 seconds 
========================================================================
Received Import Request.
  Time since last request: 41.013703 seconds.
  path: Assets/Prefabs/BuildingMenu 2.0.prefab
  artifactKey: Guid(3e3c70642b619344eb9a786b6b24838b) Importer(815301076,1909f56bfc062723c751e8b465ee728b)
Start importing Assets/Prefabs/BuildingMenu 2.0.prefab using Guid(3e3c70642b619344eb9a786b6b24838b) Importer(815301076,1909f56bfc062723c751e8b465ee728b)  -> (artifact id: 'a8566376328392ff45ac8ca60fcc60b9') in 0.009140 seconds 
========================================================================
Received Import Request.
  Time since last request: 5.844153 seconds.
  path: Assets/Prefabs/BuildingMenu 2.0.prefab
  artifactKey: Guid(3e3c70642b619344eb9a786b6b24838b) Importer(815301076,1909f56bfc062723c751e8b465ee728b)
Start importing Assets/Prefabs/BuildingMenu 2.0.prefab using Guid(3e3c70642b619344eb9a786b6b24838b) Importer(815301076,1909f56bfc062723c751e8b465ee728b)  -> (artifact id: '1a23816ba3d5289ca6655ced7846407d') in 0.007629 seconds 
========================================================================
Received Prepare
Registering precompiled user dll's ...
Registered in 0.001508 seconds.
Begin MonoManager ReloadAssembly
Symbol file LoadedFromMemory doesn't match image Z:\DesktopU\UnityStuff\Unity Projects\BuildingsUpgrader\Library\PackageCache\com.unity.visualscripting@1.6.1\Editor\VisualScripting.Core\Dependencies\YamlDotNet\Unity.VisualScripting.YamlDotNet.dll
Symbol file LoadedFromMemory doesn't match image Z:\DesktopU\UnityStuff\Unity Projects\BuildingsUpgrader\Library\PackageCache\com.unity.visualscripting@1.6.1\Editor\VisualScripting.Core\Dependencies\DotNetZip\Unity.VisualScripting.IonicZip.dll
Native extension for WindowsStandalone target not found
Refreshing native plugins compatible for Editor in 0.43 ms, found 1 plugins.
Preloading 0 native plugins for Editor in 0.00 ms.
Mono: successfully reloaded assembly
- Completed reload, in  0.910 seconds
Platform modules already initialized, skipping
Refreshing native plugins compatible for Editor in 0.52 ms, found 1 plugins.
Preloading 0 native plugins for Editor in 0.00 ms.
Unloading 2666 Unused Serialized files (Serialized files now loaded: 0)
System memory in use before: 115.4 MB.
System memory in use after: 115.6 MB.

Unloading 14 unused Assets to reduce memory usage. Loaded Objects now: 3225.
Total: 2.191100 ms (FindLiveObjects: 0.208200 ms CreateObjectMapping: 0.128500 ms MarkObjects: 1.791000 ms  DeleteObjects: 0.062400 ms)

========================================================================
Received Import Request.
  Time since last request: 58.336642 seconds.
  path: Assets/Prefabs/BuildingMenu 2.0.prefab
  artifactKey: Guid(3e3c70642b619344eb9a786b6b24838b) Importer(815301076,1909f56bfc062723c751e8b465ee728b)
Start importing Assets/Prefabs/BuildingMenu 2.0.prefab using Guid(3e3c70642b619344eb9a786b6b24838b) Importer(815301076,1909f56bfc062723c751e8b465ee728b)  -> (artifact id: 'bca786fe1b5b16a051a1dd883bce7de3') in 0.055495 seconds 
========================================================================
Received Import Request.
  Time since last request: 2.767794 seconds.
  path: Assets/Prefabs/BuildingMenu 2.0.prefab
  artifactKey: Guid(3e3c70642b619344eb9a786b6b24838b) Importer(815301076,1909f56bfc062723c751e8b465ee728b)
Start importing Assets/Prefabs/BuildingMenu 2.0.prefab using Guid(3e3c70642b619344eb9a786b6b24838b) Importer(815301076,1909f56bfc062723c751e8b465ee728b)  -> (artifact id: '56a8e75ff50d0bf3d722fb5f8c7d30e8') in 0.008655 seconds 
========================================================================
Received Import Request.
  Time since last request: 7.874720 seconds.
  path: Assets/Prefabs/BuildingMenu 2.0.prefab
  artifactKey: Guid(3e3c70642b619344eb9a786b6b24838b) Importer(815301076,1909f56bfc062723c751e8b465ee728b)
Start importing Assets/Prefabs/BuildingMenu 2.0.prefab using Guid(3e3c70642b619344eb9a786b6b24838b) Importer(815301076,1909f56bfc062723c751e8b465ee728b)  -> (artifact id: '163145e78b0f3059e4738411c00ffab8') in 0.008297 seconds 
========================================================================
Received Import Request.
  Time since last request: 2.839312 seconds.
  path: Assets/Prefabs/BuildingMenu 2.0.prefab
  artifactKey: Guid(3e3c70642b619344eb9a786b6b24838b) Importer(815301076,1909f56bfc062723c751e8b465ee728b)
Start importing Assets/Prefabs/BuildingMenu 2.0.prefab using Guid(3e3c70642b619344eb9a786b6b24838b) Importer(815301076,1909f56bfc062723c751e8b465ee728b)  -> (artifact id: '3d4993732a6a2183bb9848946ba4a55b') in 0.007908 seconds 
========================================================================
Received Import Request.
  Time since last request: 22.784519 seconds.
  path: Assets/Prefabs/BuildingMenu 2.0.prefab
  artifactKey: Guid(3e3c70642b619344eb9a786b6b24838b) Importer(815301076,1909f56bfc062723c751e8b465ee728b)
Start importing Assets/Prefabs/BuildingMenu 2.0.prefab using Guid(3e3c70642b619344eb9a786b6b24838b) Importer(815301076,1909f56bfc062723c751e8b465ee728b)  -> (artifact id: 'adc29a7aecea65df6126307e53d43734') in 0.007581 seconds 
========================================================================
Received Import Request.
  Time since last request: 76.238833 seconds.
  path: Assets/Prefabs/BuildingMenu 2.0.prefab
  artifactKey: Guid(3e3c70642b619344eb9a786b6b24838b) Importer(815301076,1909f56bfc062723c751e8b465ee728b)
Start importing Assets/Prefabs/BuildingMenu 2.0.prefab using Guid(3e3c70642b619344eb9a786b6b24838b) Importer(815301076,1909f56bfc062723c751e8b465ee728b)  -> (artifact id: 'ddfee58f0860cc8fcf364bafd01d3783') in 0.010475 seconds 
========================================================================
Received Import Request.
  Time since last request: 1.783800 seconds.
  path: Assets/Prefabs/BuildingMenu 2.0.prefab
  artifactKey: Guid(3e3c70642b619344eb9a786b6b24838b) Importer(815301076,1909f56bfc062723c751e8b465ee728b)
Start importing Assets/Prefabs/BuildingMenu 2.0.prefab using Guid(3e3c70642b619344eb9a786b6b24838b) Importer(815301076,1909f56bfc062723c751e8b465ee728b)  -> (artifact id: '517343c784a61d4968531fcd13ac1c03') in 0.007694 seconds 
========================================================================
Received Import Request.
  Time since last request: 0.592023 seconds.
  path: Assets/Prefabs/BuildingMenu 2.0.prefab
  artifactKey: Guid(3e3c70642b619344eb9a786b6b24838b) Importer(815301076,1909f56bfc062723c751e8b465ee728b)
Start importing Assets/Prefabs/BuildingMenu 2.0.prefab using Guid(3e3c70642b619344eb9a786b6b24838b) Importer(815301076,1909f56bfc062723c751e8b465ee728b)  -> (artifact id: '140c8ce28feb07211f102b2b60783bc1') in 0.007904 seconds 
========================================================================
Received Import Request.
  Time since last request: 0.794840 seconds.
  path: Assets/Prefabs/BuildingMenu 2.0.prefab
  artifactKey: Guid(3e3c70642b619344eb9a786b6b24838b) Importer(815301076,1909f56bfc062723c751e8b465ee728b)
Start importing Assets/Prefabs/BuildingMenu 2.0.prefab using Guid(3e3c70642b619344eb9a786b6b24838b) Importer(815301076,1909f56bfc062723c751e8b465ee728b)  -> (artifact id: '94b9da1657fd1e942e0fc6f803b77d77') in 0.007249 seconds 
========================================================================
Received Prepare
Registering precompiled user dll's ...
Registered in 0.001306 seconds.
Begin MonoManager ReloadAssembly
Symbol file LoadedFromMemory doesn't match image Z:\DesktopU\UnityStuff\Unity Projects\BuildingsUpgrader\Library\PackageCache\com.unity.visualscripting@1.6.1\Editor\VisualScripting.Core\Dependencies\YamlDotNet\Unity.VisualScripting.YamlDotNet.dll
Symbol file LoadedFromMemory doesn't match image Z:\DesktopU\UnityStuff\Unity Projects\BuildingsUpgrader\Library\PackageCache\com.unity.visualscripting@1.6.1\Editor\VisualScripting.Core\Dependencies\DotNetZip\Unity.VisualScripting.IonicZip.dll
Native extension for WindowsStandalone target not found
Refreshing native plugins compatible for Editor in 0.45 ms, found 1 plugins.
Preloading 0 native plugins for Editor in 0.00 ms.
Mono: successfully reloaded assembly
- Completed reload, in  0.786 seconds
Platform modules already initialized, skipping
Refreshing native plugins compatible for Editor in 0.42 ms, found 1 plugins.
Preloading 0 native plugins for Editor in 0.00 ms.
Unloading 2666 Unused Serialized files (Serialized files now loaded: 0)
System memory in use before: 115.4 MB.
System memory in use after: 115.6 MB.

Unloading 14 unused Assets to reduce memory usage. Loaded Objects now: 3228.
Total: 1.919500 ms (FindLiveObjects: 0.191300 ms CreateObjectMapping: 0.113100 ms MarkObjects: 1.491300 ms  DeleteObjects: 0.110900 ms)

========================================================================
Received Prepare
Registering precompiled user dll's ...
Registered in 0.002725 seconds.
Begin MonoManager ReloadAssembly
Symbol file LoadedFromMemory doesn't match image Z:\DesktopU\UnityStuff\Unity Projects\BuildingsUpgrader\Library\PackageCache\com.unity.visualscripting@1.6.1\Editor\VisualScripting.Core\Dependencies\YamlDotNet\Unity.VisualScripting.YamlDotNet.dll
Symbol file LoadedFromMemory doesn't match image Z:\DesktopU\UnityStuff\Unity Projects\BuildingsUpgrader\Library\PackageCache\com.unity.visualscripting@1.6.1\Editor\VisualScripting.Core\Dependencies\DotNetZip\Unity.VisualScripting.IonicZip.dll
Native extension for WindowsStandalone target not found
Refreshing native plugins compatible for Editor in 0.44 ms, found 1 plugins.
Preloading 0 native plugins for Editor in 0.00 ms.
Mono: successfully reloaded assembly
- Completed reload, in  0.793 seconds
Platform modules already initialized, skipping
Refreshing native plugins compatible for Editor in 0.47 ms, found 1 plugins.
Preloading 0 native plugins for Editor in 0.00 ms.
Unloading 2666 Unused Serialized files (Serialized files now loaded: 0)
System memory in use before: 115.4 MB.
System memory in use after: 115.6 MB.

Unloading 9 unused Assets to reduce memory usage. Loaded Objects now: 3231.
Total: 2.017600 ms (FindLiveObjects: 0.196100 ms CreateObjectMapping: 0.112600 ms MarkObjects: 1.645100 ms  DeleteObjects: 0.063000 ms)

========================================================================
Received Prepare
Registering precompiled user dll's ...
Registered in 0.001296 seconds.
Begin MonoManager ReloadAssembly
Symbol file LoadedFromMemory doesn't match image Z:\DesktopU\UnityStuff\Unity Projects\BuildingsUpgrader\Library\PackageCache\com.unity.visualscripting@1.6.1\Editor\VisualScripting.Core\Dependencies\YamlDotNet\Unity.VisualScripting.YamlDotNet.dll
Symbol file LoadedFromMemory doesn't match image Z:\DesktopU\UnityStuff\Unity Projects\BuildingsUpgrader\Library\PackageCache\com.unity.visualscripting@1.6.1\Editor\VisualScripting.Core\Dependencies\DotNetZip\Unity.VisualScripting.IonicZip.dll
Native extension for WindowsStandalone target not found
Refreshing native plugins compatible for Editor in 0.42 ms, found 1 plugins.
Preloading 0 native plugins for Editor in 0.00 ms.
Mono: successfully reloaded assembly
- Completed reload, in  0.804 seconds
Platform modules already initialized, skipping
Refreshing native plugins compatible for Editor in 0.42 ms, found 1 plugins.
Preloading 0 native plugins for Editor in 0.00 ms.
Unloading 2666 Unused Serialized files (Serialized files now loaded: 0)
System memory in use before: 115.4 MB.
System memory in use after: 115.6 MB.

Unloading 9 unused Assets to reduce memory usage. Loaded Objects now: 3234.
Total: 2.360100 ms (FindLiveObjects: 0.272900 ms CreateObjectMapping: 0.119800 ms MarkObjects: 1.880800 ms  DeleteObjects: 0.085600 ms)

========================================================================
Received Prepare
Refreshing native plugins compatible for Editor in 1.18 ms, found 1 plugins.
Preloading 0 native plugins for Editor in 0.00 ms.
Unloading 7 Unused Serialized files (Serialized files now loaded: 0)
System memory in use before: 62.7 MB.
System memory in use after: 62.9 MB.

Unloading 7 unused Assets to reduce memory usage. Loaded Objects now: 3234.
Total: 1.821900 ms (FindLiveObjects: 0.192800 ms CreateObjectMapping: 0.122300 ms MarkObjects: 1.426700 ms  DeleteObjects: 0.079500 ms)

========================================================================
Received Prepare
Registering precompiled user dll's ...
Registered in 0.001989 seconds.
Begin MonoManager ReloadAssembly
Symbol file LoadedFromMemory doesn't match image Z:\DesktopU\UnityStuff\Unity Projects\BuildingsUpgrader\Library\PackageCache\com.unity.visualscripting@1.6.1\Editor\VisualScripting.Core\Dependencies\YamlDotNet\Unity.VisualScripting.YamlDotNet.dll
Symbol file LoadedFromMemory doesn't match image Z:\DesktopU\UnityStuff\Unity Projects\BuildingsUpgrader\Library\PackageCache\com.unity.visualscripting@1.6.1\Editor\VisualScripting.Core\Dependencies\DotNetZip\Unity.VisualScripting.IonicZip.dll
Native extension for WindowsStandalone target not found
Refreshing native plugins compatible for Editor in 0.67 ms, found 1 plugins.
Preloading 0 native plugins for Editor in 0.00 ms.
Mono: successfully reloaded assembly
- Completed reload, in  0.839 seconds
Platform modules already initialized, skipping
Refreshing native plugins compatible for Editor in 0.50 ms, found 1 plugins.
Preloading 0 native plugins for Editor in 0.00 ms.
Unloading 2666 Unused Serialized files (Serialized files now loaded: 0)
System memory in use before: 115.4 MB.
System memory in use after: 115.6 MB.

Unloading 9 unused Assets to reduce memory usage. Loaded Objects now: 3237.
Total: 2.560400 ms (FindLiveObjects: 0.290000 ms CreateObjectMapping: 0.179800 ms MarkObjects: 2.036000 ms  DeleteObjects: 0.053600 ms)

========================================================================
Received Prepare
Refreshing native plugins compatible for Editor in 1.14 ms, found 1 plugins.
Preloading 0 native plugins for Editor in 0.00 ms.
Unloading 7 Unused Serialized files (Serialized files now loaded: 0)
System memory in use before: 62.7 MB.
System memory in use after: 62.9 MB.

Unloading 7 unused Assets to reduce memory usage. Loaded Objects now: 3237.
Total: 2.115900 ms (FindLiveObjects: 0.198600 ms CreateObjectMapping: 0.120800 ms MarkObjects: 1.721800 ms  DeleteObjects: 0.073800 ms)

